{"/home/runner/work/car-diagnosis-simulator/car-diagnosis-simulator/torquemind-api/index.js": {"path":"/home/runner/work/car-diagnosis-simulator/car-diagnosis-simulator/torquemind-api/index.js","statementMap":{"0":{"start":{"line":1,"column":0},"end":{"line":1,"column":27}},"1":{"start":{"line":2,"column":16},"end":{"line":2,"column":34}},"2":{"start":{"line":3,"column":13},"end":{"line":3,"column":28}},"3":{"start":{"line":4,"column":25},"end":{"line":4,"column":57}},"4":{"start":{"line":5,"column":18},"end":{"line":5,"column":47}},"5":{"start":{"line":7,"column":12},"end":{"line":7,"column":21}},"6":{"start":{"line":8,"column":0},"end":{"line":8,"column":16}},"7":{"start":{"line":9,"column":0},"end":{"line":9,"column":24}},"8":{"start":{"line":10,"column":13},"end":{"line":10,"column":28}},"9":{"start":{"line":11,"column":18},"end":{"line":11,"column":50}},"10":{"start":{"line":14,"column":0},"end":{"line":14,"column":79}},"11":{"start":{"line":17,"column":25},"end":{"line":20,"column":2}},"12":{"start":{"line":23,"column":0},"end":{"line":25,"column":3}},"13":{"start":{"line":24,"column":2},"end":{"line":24,"column":74}},"14":{"start":{"line":28,"column":0},"end":{"line":37,"column":1}},"15":{"start":{"line":29,"column":37},"end":{"line":29,"column":104}},"16":{"start":{"line":30,"column":37},"end":{"line":30,"column":104}},"17":{"start":{"line":31,"column":35},"end":{"line":31,"column":100}},"18":{"start":{"line":32,"column":2},"end":{"line":32,"column":30}},"19":{"start":{"line":33,"column":2},"end":{"line":33,"column":30}},"20":{"start":{"line":34,"column":2},"end":{"line":34,"column":28}},"21":{"start":{"line":36,"column":2},"end":{"line":36,"column":81}},"22":{"start":{"line":36,"column":17},"end":{"line":36,"column":81}},"23":{"start":{"line":38,"column":13},"end":{"line":38,"column":37}},"24":{"start":{"line":39,"column":21},"end":{"line":39,"column":53}},"25":{"start":{"line":40,"column":26},"end":{"line":40,"column":63}},"26":{"start":{"line":41,"column":21},"end":{"line":41,"column":53}},"27":{"start":{"line":43,"column":15},"end":{"line":43,"column":19}},"28":{"start":{"line":44,"column":0},"end":{"line":57,"column":1}},"29":{"start":{"line":45,"column":2},"end":{"line":45,"column":59}},"30":{"start":{"line":46,"column":2},"end":{"line":46,"column":67}},"31":{"start":{"line":46,"column":17},"end":{"line":46,"column":67}},"32":{"start":{"line":47,"column":2},"end":{"line":47,"column":38}},"33":{"start":{"line":48,"column":7},"end":{"line":57,"column":1}},"34":{"start":{"line":51,"column":2},"end":{"line":51,"column":54}},"35":{"start":{"line":52,"column":2},"end":{"line":52,"column":91}},"36":{"start":{"line":53,"column":2},"end":{"line":53,"column":38}},"37":{"start":{"line":55,"column":2},"end":{"line":55,"column":83}},"38":{"start":{"line":56,"column":2},"end":{"line":56,"column":39}},"39":{"start":{"line":60,"column":19},"end":{"line":60,"column":47}},"40":{"start":{"line":61,"column":20},"end":{"line":61,"column":55}},"41":{"start":{"line":62,"column":23},"end":{"line":62,"column":43}},"42":{"start":{"line":65,"column":0},"end":{"line":65,"column":60}},"43":{"start":{"line":65,"column":28},"end":{"line":65,"column":58}},"44":{"start":{"line":68,"column":0},"end":{"line":70,"column":3}},"45":{"start":{"line":69,"column":2},"end":{"line":69,"column":37}},"46":{"start":{"line":73,"column":0},"end":{"line":108,"column":3}},"47":{"start":{"line":74,"column":62},"end":{"line":74,"column":70}},"48":{"start":{"line":76,"column":2},"end":{"line":105,"column":3}},"49":{"start":{"line":77,"column":4},"end":{"line":77,"column":85}},"50":{"start":{"line":77,"column":19},"end":{"line":77,"column":85}},"51":{"start":{"line":79,"column":16},"end":{"line":79,"column":27}},"52":{"start":{"line":80,"column":4},"end":{"line":80,"column":124}},"53":{"start":{"line":80,"column":51},"end":{"line":80,"column":124}},"54":{"start":{"line":81,"column":4},"end":{"line":104,"column":125}},"55":{"start":{"line":82,"column":22},"end":{"line":82,"column":143}},"56":{"start":{"line":83,"column":6},"end":{"line":83,"column":161}},"57":{"start":{"line":83,"column":21},"end":{"line":83,"column":161}},"58":{"start":{"line":86,"column":19},"end":{"line":86,"column":27}},"59":{"start":{"line":87,"column":6},"end":{"line":94,"column":7}},"60":{"start":{"line":88,"column":8},"end":{"line":88,"column":134}},"61":{"start":{"line":89,"column":8},"end":{"line":89,"column":144}},"62":{"start":{"line":89,"column":23},"end":{"line":89,"column":144}},"63":{"start":{"line":90,"column":13},"end":{"line":94,"column":7}},"64":{"start":{"line":92,"column":8},"end":{"line":92,"column":70}},"65":{"start":{"line":93,"column":8},"end":{"line":93,"column":76}},"66":{"start":{"line":93,"column":23},"end":{"line":93,"column":76}},"67":{"start":{"line":96,"column":30},"end":{"line":100,"column":17}},"68":{"start":{"line":102,"column":6},"end":{"line":102,"column":29}},"69":{"start":{"line":102,"column":17},"end":{"line":102,"column":29}},"70":{"start":{"line":103,"column":6},"end":{"line":103,"column":55}},"71":{"start":{"line":104,"column":17},"end":{"line":104,"column":59}},"72":{"start":{"line":104,"column":60},"end":{"line":104,"column":123}},"73":{"start":{"line":107,"column":2},"end":{"line":107,"column":98}},"74":{"start":{"line":111,"column":0},"end":{"line":159,"column":3}},"75":{"start":{"line":112,"column":2},"end":{"line":112,"column":83}},"76":{"start":{"line":112,"column":17},"end":{"line":112,"column":83}},"77":{"start":{"line":113,"column":18},"end":{"line":113,"column":43}},"78":{"start":{"line":114,"column":4},"end":{"line":158,"column":3}},"79":{"start":{"line":115,"column":4},"end":{"line":126,"column":5}},"80":{"start":{"line":117,"column":139},"end":{"line":124,"column":8}},"81":{"start":{"line":125,"column":6},"end":{"line":125,"column":90}},"82":{"start":{"line":129,"column":19},"end":{"line":129,"column":135}},"83":{"start":{"line":132,"column":41},"end":{"line":137,"column":20}},"84":{"start":{"line":138,"column":4},"end":{"line":138,"column":29}},"85":{"start":{"line":138,"column":16},"end":{"line":138,"column":29}},"86":{"start":{"line":139,"column":4},"end":{"line":139,"column":72}},"87":{"start":{"line":139,"column":14},"end":{"line":139,"column":72}},"88":{"start":{"line":142,"column":43},"end":{"line":142,"column":111}},"89":{"start":{"line":143,"column":4},"end":{"line":143,"column":25}},"90":{"start":{"line":143,"column":14},"end":{"line":143,"column":25}},"91":{"start":{"line":144,"column":20},"end":{"line":144,"column":71}},"92":{"start":{"line":144,"column":45},"end":{"line":144,"column":54}},"93":{"start":{"line":147,"column":21},"end":{"line":147,"column":23}},"94":{"start":{"line":148,"column":4},"end":{"line":148,"column":94}},"95":{"start":{"line":149,"column":4},"end":{"line":149,"column":101}},"96":{"start":{"line":150,"column":4},"end":{"line":150,"column":105}},"97":{"start":{"line":151,"column":4},"end":{"line":151,"column":82}},"98":{"start":{"line":152,"column":95},"end":{"line":152,"column":122}},"99":{"start":{"line":154,"column":4},"end":{"line":154,"column":176}},"100":{"start":{"line":156,"column":4},"end":{"line":156,"column":67}},"101":{"start":{"line":156,"column":19},"end":{"line":156,"column":67}},"102":{"start":{"line":157,"column":4},"end":{"line":157,"column":67}},"103":{"start":{"line":162,"column":0},"end":{"line":176,"column":3}},"104":{"start":{"line":163,"column":55},"end":{"line":163,"column":63}},"105":{"start":{"line":164,"column":2},"end":{"line":164,"column":120}},"106":{"start":{"line":164,"column":46},"end":{"line":164,"column":120}},"107":{"start":{"line":165,"column":2},"end":{"line":165,"column":83}},"108":{"start":{"line":165,"column":17},"end":{"line":165,"column":83}},"109":{"start":{"line":167,"column":2},"end":{"line":175,"column":3}},"110":{"start":{"line":168,"column":20},"end":{"line":168,"column":117}},"111":{"start":{"line":169,"column":28},"end":{"line":169,"column":80}},"112":{"start":{"line":170,"column":4},"end":{"line":170,"column":27}},"113":{"start":{"line":170,"column":15},"end":{"line":170,"column":27}},"114":{"start":{"line":171,"column":4},"end":{"line":171,"column":68}},"115":{"start":{"line":173,"column":4},"end":{"line":173,"column":67}},"116":{"start":{"line":173,"column":19},"end":{"line":173,"column":67}},"117":{"start":{"line":174,"column":4},"end":{"line":174,"column":67}},"118":{"start":{"line":179,"column":0},"end":{"line":211,"column":3}},"119":{"start":{"line":180,"column":33},"end":{"line":180,"column":41}},"120":{"start":{"line":181,"column":2},"end":{"line":208,"column":3}},"121":{"start":{"line":182,"column":4},"end":{"line":182,"column":85}},"122":{"start":{"line":182,"column":19},"end":{"line":182,"column":85}},"123":{"start":{"line":183,"column":16},"end":{"line":183,"column":27}},"124":{"start":{"line":184,"column":4},"end":{"line":184,"column":124}},"125":{"start":{"line":184,"column":51},"end":{"line":184,"column":124}},"126":{"start":{"line":185,"column":4},"end":{"line":207,"column":132}},"127":{"start":{"line":186,"column":22},"end":{"line":186,"column":63}},"128":{"start":{"line":189,"column":19},"end":{"line":189,"column":27}},"129":{"start":{"line":190,"column":6},"end":{"line":197,"column":7}},"130":{"start":{"line":191,"column":8},"end":{"line":191,"column":134}},"131":{"start":{"line":192,"column":8},"end":{"line":192,"column":148}},"132":{"start":{"line":192,"column":23},"end":{"line":192,"column":148}},"133":{"start":{"line":193,"column":13},"end":{"line":197,"column":7}},"134":{"start":{"line":195,"column":8},"end":{"line":195,"column":70}},"135":{"start":{"line":196,"column":8},"end":{"line":196,"column":80}},"136":{"start":{"line":196,"column":23},"end":{"line":196,"column":80}},"137":{"start":{"line":199,"column":30},"end":{"line":203,"column":17}},"138":{"start":{"line":205,"column":6},"end":{"line":205,"column":29}},"139":{"start":{"line":205,"column":17},"end":{"line":205,"column":29}},"140":{"start":{"line":206,"column":6},"end":{"line":206,"column":59}},"141":{"start":{"line":207,"column":18},"end":{"line":207,"column":66}},"142":{"start":{"line":207,"column":67},"end":{"line":207,"column":130}},"143":{"start":{"line":210,"column":2},"end":{"line":210,"column":73}},"144":{"start":{"line":215,"column":12},"end":{"line":215,"column":50}},"145":{"start":{"line":216,"column":12},"end":{"line":216,"column":14}},"146":{"start":{"line":217,"column":2},"end":{"line":217,"column":69}},"147":{"start":{"line":217,"column":13},"end":{"line":217,"column":14}},"148":{"start":{"line":217,"column":24},"end":{"line":217,"column":69}},"149":{"start":{"line":218,"column":2},"end":{"line":218,"column":13}},"150":{"start":{"line":222,"column":0},"end":{"line":255,"column":3}},"151":{"start":{"line":223,"column":19},"end":{"line":223,"column":27}},"152":{"start":{"line":224,"column":2},"end":{"line":224,"column":69}},"153":{"start":{"line":224,"column":13},"end":{"line":224,"column":69}},"154":{"start":{"line":225,"column":2},"end":{"line":228,"column":3}},"155":{"start":{"line":227,"column":4},"end":{"line":227,"column":147}},"156":{"start":{"line":230,"column":4},"end":{"line":254,"column":124}},"157":{"start":{"line":232,"column":4},"end":{"line":236,"column":7}},"158":{"start":{"line":232,"column":19},"end":{"line":236,"column":7}},"159":{"start":{"line":239,"column":25},"end":{"line":241,"column":6}},"160":{"start":{"line":242,"column":4},"end":{"line":242,"column":146}},"161":{"start":{"line":242,"column":19},"end":{"line":242,"column":146}},"162":{"start":{"line":244,"column":20},"end":{"line":244,"column":80}},"163":{"start":{"line":245,"column":28},"end":{"line":249,"column":15}},"164":{"start":{"line":251,"column":4},"end":{"line":251,"column":27}},"165":{"start":{"line":251,"column":15},"end":{"line":251,"column":27}},"166":{"start":{"line":253,"column":4},"end":{"line":253,"column":52}},"167":{"start":{"line":254,"column":15},"end":{"line":254,"column":58}},"168":{"start":{"line":254,"column":59},"end":{"line":254,"column":122}},"169":{"start":{"line":258,"column":0},"end":{"line":273,"column":3}},"170":{"start":{"line":259,"column":2},"end":{"line":259,"column":50}},"171":{"start":{"line":259,"column":17},"end":{"line":259,"column":50}},"172":{"start":{"line":260,"column":2},"end":{"line":272,"column":124}},"173":{"start":{"line":262,"column":4},"end":{"line":262,"column":191}},"174":{"start":{"line":262,"column":19},"end":{"line":262,"column":191}},"175":{"start":{"line":264,"column":25},"end":{"line":266,"column":6}},"176":{"start":{"line":267,"column":4},"end":{"line":267,"column":146}},"177":{"start":{"line":267,"column":19},"end":{"line":267,"column":146}},"178":{"start":{"line":269,"column":28},"end":{"line":269,"column":102}},"179":{"start":{"line":270,"column":4},"end":{"line":270,"column":27}},"180":{"start":{"line":270,"column":15},"end":{"line":270,"column":27}},"181":{"start":{"line":271,"column":4},"end":{"line":271,"column":45}},"182":{"start":{"line":272,"column":15},"end":{"line":272,"column":58}},"183":{"start":{"line":272,"column":59},"end":{"line":272,"column":122}},"184":{"start":{"line":276,"column":0},"end":{"line":284,"column":3}},"185":{"start":{"line":277,"column":19},"end":{"line":277,"column":29}},"186":{"start":{"line":278,"column":2},"end":{"line":278,"column":37}},"187":{"start":{"line":278,"column":17},"end":{"line":278,"column":37}},"188":{"start":{"line":279,"column":2},"end":{"line":283,"column":132}},"189":{"start":{"line":280,"column":28},"end":{"line":280,"column":107}},"190":{"start":{"line":281,"column":4},"end":{"line":281,"column":27}},"191":{"start":{"line":281,"column":15},"end":{"line":281,"column":27}},"192":{"start":{"line":282,"column":4},"end":{"line":282,"column":45}},"193":{"start":{"line":283,"column":15},"end":{"line":283,"column":66}},"194":{"start":{"line":283,"column":67},"end":{"line":283,"column":130}},"195":{"start":{"line":287,"column":0},"end":{"line":313,"column":3}},"196":{"start":{"line":288,"column":22},"end":{"line":288,"column":32}},"197":{"start":{"line":289,"column":27},"end":{"line":289,"column":35}},"198":{"start":{"line":290,"column":2},"end":{"line":290,"column":122}},"199":{"start":{"line":290,"column":17},"end":{"line":290,"column":122}},"200":{"start":{"line":292,"column":2},"end":{"line":312,"column":118}},"201":{"start":{"line":293,"column":39},"end":{"line":293,"column":113}},"202":{"start":{"line":294,"column":4},"end":{"line":294,"column":25}},"203":{"start":{"line":294,"column":14},"end":{"line":294,"column":25}},"204":{"start":{"line":295,"column":4},"end":{"line":295,"column":72}},"205":{"start":{"line":295,"column":14},"end":{"line":295,"column":72}},"206":{"start":{"line":298,"column":4},"end":{"line":302,"column":5}},"207":{"start":{"line":299,"column":30},"end":{"line":299,"column":113}},"208":{"start":{"line":300,"column":6},"end":{"line":300,"column":29}},"209":{"start":{"line":300,"column":17},"end":{"line":300,"column":29}},"210":{"start":{"line":301,"column":6},"end":{"line":301,"column":70}},"211":{"start":{"line":305,"column":4},"end":{"line":305,"column":85}},"212":{"start":{"line":305,"column":15},"end":{"line":305,"column":85}},"213":{"start":{"line":306,"column":4},"end":{"line":306,"column":94}},"214":{"start":{"line":306,"column":33},"end":{"line":306,"column":94}},"215":{"start":{"line":307,"column":4},"end":{"line":307,"column":85}},"216":{"start":{"line":307,"column":19},"end":{"line":307,"column":85}},"217":{"start":{"line":308,"column":16},"end":{"line":308,"column":27}},"218":{"start":{"line":309,"column":28},"end":{"line":309,"column":108}},"219":{"start":{"line":310,"column":4},"end":{"line":310,"column":27}},"220":{"start":{"line":310,"column":15},"end":{"line":310,"column":27}},"221":{"start":{"line":311,"column":4},"end":{"line":311,"column":68}},"222":{"start":{"line":312,"column":15},"end":{"line":312,"column":52}},"223":{"start":{"line":312,"column":53},"end":{"line":312,"column":116}},"224":{"start":{"line":316,"column":0},"end":{"line":328,"column":3}},"225":{"start":{"line":317,"column":22},"end":{"line":317,"column":32}},"226":{"start":{"line":318,"column":2},"end":{"line":318,"column":51}},"227":{"start":{"line":318,"column":17},"end":{"line":318,"column":51}},"228":{"start":{"line":319,"column":2},"end":{"line":327,"column":125}},"229":{"start":{"line":320,"column":43},"end":{"line":320,"column":119}},"230":{"start":{"line":321,"column":4},"end":{"line":321,"column":25}},"231":{"start":{"line":321,"column":14},"end":{"line":321,"column":25}},"232":{"start":{"line":322,"column":20},"end":{"line":322,"column":69}},"233":{"start":{"line":322,"column":43},"end":{"line":322,"column":52}},"234":{"start":{"line":323,"column":4},"end":{"line":323,"column":64}},"235":{"start":{"line":323,"column":30},"end":{"line":323,"column":64}},"236":{"start":{"line":324,"column":44},"end":{"line":324,"column":102}},"237":{"start":{"line":325,"column":4},"end":{"line":325,"column":25}},"238":{"start":{"line":325,"column":14},"end":{"line":325,"column":25}},"239":{"start":{"line":326,"column":4},"end":{"line":326,"column":50}},"240":{"start":{"line":327,"column":15},"end":{"line":327,"column":59}},"241":{"start":{"line":327,"column":60},"end":{"line":327,"column":123}},"242":{"start":{"line":330,"column":0},"end":{"line":334,"column":1}},"243":{"start":{"line":331,"column":2},"end":{"line":333,"column":5}},"244":{"start":{"line":332,"column":4},"end":{"line":332,"column":60}},"245":{"start":{"line":336,"column":0},"end":{"line":336,"column":25}}},"fnMap":{"0":{"name":"(anonymous_0)","decl":{"start":{"line":23,"column":50},"end":{"line":23,"column":51}},"loc":{"start":{"line":23,"column":64},"end":{"line":25,"column":1}},"line":23},"1":{"name":"(anonymous_1)","decl":{"start":{"line":65,"column":8},"end":{"line":65,"column":9}},"loc":{"start":{"line":65,"column":28},"end":{"line":65,"column":58}},"line":65},"2":{"name":"(anonymous_2)","decl":{"start":{"line":68,"column":13},"end":{"line":68,"column":14}},"loc":{"start":{"line":68,"column":27},"end":{"line":70,"column":1}},"line":68},"3":{"name":"(anonymous_3)","decl":{"start":{"line":73,"column":24},"end":{"line":73,"column":25}},"loc":{"start":{"line":73,"column":44},"end":{"line":108,"column":1}},"line":73},"4":{"name":"(anonymous_4)","decl":{"start":{"line":111,"column":53},"end":{"line":111,"column":54}},"loc":{"start":{"line":111,"column":73},"end":{"line":159,"column":1}},"line":111},"5":{"name":"(anonymous_5)","decl":{"start":{"line":144,"column":40},"end":{"line":144,"column":41}},"loc":{"start":{"line":144,"column":45},"end":{"line":144,"column":54}},"line":144},"6":{"name":"(anonymous_6)","decl":{"start":{"line":162,"column":48},"end":{"line":162,"column":49}},"loc":{"start":{"line":162,"column":68},"end":{"line":176,"column":1}},"line":162},"7":{"name":"(anonymous_7)","decl":{"start":{"line":179,"column":26},"end":{"line":179,"column":27}},"loc":{"start":{"line":179,"column":46},"end":{"line":211,"column":1}},"line":179},"8":{"name":"makeClassCode","decl":{"start":{"line":214,"column":9},"end":{"line":214,"column":22}},"loc":{"start":{"line":214,"column":24},"end":{"line":219,"column":1}},"line":214},"9":{"name":"(anonymous_9)","decl":{"start":{"line":222,"column":49},"end":{"line":222,"column":50}},"loc":{"start":{"line":222,"column":69},"end":{"line":255,"column":1}},"line":222},"10":{"name":"(anonymous_10)","decl":{"start":{"line":258,"column":48},"end":{"line":258,"column":49}},"loc":{"start":{"line":258,"column":68},"end":{"line":273,"column":1}},"line":258},"11":{"name":"(anonymous_11)","decl":{"start":{"line":276,"column":38},"end":{"line":276,"column":39}},"loc":{"start":{"line":276,"column":58},"end":{"line":284,"column":1}},"line":276},"12":{"name":"(anonymous_12)","decl":{"start":{"line":287,"column":41},"end":{"line":287,"column":42}},"loc":{"start":{"line":287,"column":61},"end":{"line":313,"column":1}},"line":287},"13":{"name":"(anonymous_13)","decl":{"start":{"line":316,"column":66},"end":{"line":316,"column":67}},"loc":{"start":{"line":316,"column":86},"end":{"line":328,"column":1}},"line":316},"14":{"name":"(anonymous_14)","decl":{"start":{"line":322,"column":40},"end":{"line":322,"column":41}},"loc":{"start":{"line":322,"column":43},"end":{"line":322,"column":52}},"line":322},"15":{"name":"(anonymous_15)","decl":{"start":{"line":331,"column":19},"end":{"line":331,"column":20}},"loc":{"start":{"line":331,"column":25},"end":{"line":333,"column":3}},"line":331}},"branchMap":{"0":{"loc":{"start":{"line":36,"column":2},"end":{"line":36,"column":81}},"type":"if","locations":[{"start":{"line":36,"column":2},"end":{"line":36,"column":81}},{"start":{},"end":{}}],"line":36},"1":{"loc":{"start":{"line":36,"column":65},"end":{"line":36,"column":79}},"type":"binary-expr","locations":[{"start":{"line":36,"column":65},"end":{"line":36,"column":66}},{"start":{"line":36,"column":70},"end":{"line":36,"column":79}}],"line":36},"2":{"loc":{"start":{"line":38,"column":13},"end":{"line":38,"column":37}},"type":"binary-expr","locations":[{"start":{"line":38,"column":13},"end":{"line":38,"column":29}},{"start":{"line":38,"column":33},"end":{"line":38,"column":37}}],"line":38},"3":{"loc":{"start":{"line":39,"column":21},"end":{"line":39,"column":53}},"type":"binary-expr","locations":[{"start":{"line":39,"column":21},"end":{"line":39,"column":45}},{"start":{"line":39,"column":49},"end":{"line":39,"column":53}}],"line":39},"4":{"loc":{"start":{"line":40,"column":26},"end":{"line":40,"column":63}},"type":"binary-expr","locations":[{"start":{"line":40,"column":26},"end":{"line":40,"column":55}},{"start":{"line":40,"column":59},"end":{"line":40,"column":63}}],"line":40},"5":{"loc":{"start":{"line":41,"column":21},"end":{"line":41,"column":53}},"type":"binary-expr","locations":[{"start":{"line":41,"column":21},"end":{"line":41,"column":45}},{"start":{"line":41,"column":49},"end":{"line":41,"column":53}}],"line":41},"6":{"loc":{"start":{"line":44,"column":0},"end":{"line":57,"column":1}},"type":"if","locations":[{"start":{"line":44,"column":0},"end":{"line":57,"column":1}},{"start":{"line":48,"column":7},"end":{"line":57,"column":1}}],"line":44},"7":{"loc":{"start":{"line":44,"column":4},"end":{"line":44,"column":37}},"type":"binary-expr","locations":[{"start":{"line":44,"column":4},"end":{"line":44,"column":16}},{"start":{"line":44,"column":20},"end":{"line":44,"column":37}}],"line":44},"8":{"loc":{"start":{"line":46,"column":2},"end":{"line":46,"column":67}},"type":"if","locations":[{"start":{"line":46,"column":2},"end":{"line":46,"column":67}},{"start":{},"end":{}}],"line":46},"9":{"loc":{"start":{"line":48,"column":7},"end":{"line":57,"column":1}},"type":"if","locations":[{"start":{"line":48,"column":7},"end":{"line":57,"column":1}},{"start":{"line":54,"column":7},"end":{"line":57,"column":1}}],"line":48},"10":{"loc":{"start":{"line":48,"column":11},"end":{"line":48,"column":39}},"type":"binary-expr","locations":[{"start":{"line":48,"column":11},"end":{"line":48,"column":23}},{"start":{"line":48,"column":27},"end":{"line":48,"column":39}}],"line":48},"11":{"loc":{"start":{"line":76,"column":2},"end":{"line":105,"column":3}},"type":"if","locations":[{"start":{"line":76,"column":2},"end":{"line":105,"column":3}},{"start":{},"end":{}}],"line":76},"12":{"loc":{"start":{"line":77,"column":4},"end":{"line":77,"column":85}},"type":"if","locations":[{"start":{"line":77,"column":4},"end":{"line":77,"column":85}},{"start":{},"end":{}}],"line":77},"13":{"loc":{"start":{"line":80,"column":4},"end":{"line":80,"column":124}},"type":"if","locations":[{"start":{"line":80,"column":4},"end":{"line":80,"column":124}},{"start":{},"end":{}}],"line":80},"14":{"loc":{"start":{"line":80,"column":8},"end":{"line":80,"column":49}},"type":"binary-expr","locations":[{"start":{"line":80,"column":8},"end":{"line":80,"column":12}},{"start":{"line":80,"column":16},"end":{"line":80,"column":49}}],"line":80},"15":{"loc":{"start":{"line":82,"column":72},"end":{"line":82,"column":85}},"type":"binary-expr","locations":[{"start":{"line":82,"column":72},"end":{"line":82,"column":79}},{"start":{"line":82,"column":83},"end":{"line":82,"column":85}}],"line":82},"16":{"loc":{"start":{"line":82,"column":95},"end":{"line":82,"column":109}},"type":"binary-expr","locations":[{"start":{"line":82,"column":95},"end":{"line":82,"column":101}},{"start":{"line":82,"column":105},"end":{"line":82,"column":109}}],"line":82},"17":{"loc":{"start":{"line":82,"column":123},"end":{"line":82,"column":141}},"type":"binary-expr","locations":[{"start":{"line":82,"column":123},"end":{"line":82,"column":133}},{"start":{"line":82,"column":137},"end":{"line":82,"column":141}}],"line":82},"18":{"loc":{"start":{"line":83,"column":6},"end":{"line":83,"column":161}},"type":"if","locations":[{"start":{"line":83,"column":6},"end":{"line":83,"column":161}},{"start":{},"end":{}}],"line":83},"19":{"loc":{"start":{"line":83,"column":128},"end":{"line":83,"column":149}},"type":"binary-expr","locations":[{"start":{"line":83,"column":128},"end":{"line":83,"column":143}},{"start":{"line":83,"column":147},"end":{"line":83,"column":149}}],"line":83},"20":{"loc":{"start":{"line":87,"column":6},"end":{"line":94,"column":7}},"type":"if","locations":[{"start":{"line":87,"column":6},"end":{"line":94,"column":7}},{"start":{"line":90,"column":13},"end":{"line":94,"column":7}}],"line":87},"21":{"loc":{"start":{"line":87,"column":10},"end":{"line":87,"column":87}},"type":"binary-expr","locations":[{"start":{"line":87,"column":10},"end":{"line":87,"column":22}},{"start":{"line":87,"column":26},"end":{"line":87,"column":43}},{"start":{"line":87,"column":47},"end":{"line":87,"column":58}},{"start":{"line":87,"column":62},"end":{"line":87,"column":87}}],"line":87},"22":{"loc":{"start":{"line":89,"column":8},"end":{"line":89,"column":144}},"type":"if","locations":[{"start":{"line":89,"column":8},"end":{"line":89,"column":144}},{"start":{},"end":{}}],"line":89},"23":{"loc":{"start":{"line":89,"column":101},"end":{"line":89,"column":141}},"type":"binary-expr","locations":[{"start":{"line":89,"column":101},"end":{"line":89,"column":112}},{"start":{"line":89,"column":116},"end":{"line":89,"column":141}}],"line":89},"24":{"loc":{"start":{"line":90,"column":13},"end":{"line":94,"column":7}},"type":"if","locations":[{"start":{"line":90,"column":13},"end":{"line":94,"column":7}},{"start":{},"end":{}}],"line":90},"25":{"loc":{"start":{"line":90,"column":17},"end":{"line":90,"column":57}},"type":"binary-expr","locations":[{"start":{"line":90,"column":17},"end":{"line":90,"column":29}},{"start":{"line":90,"column":33},"end":{"line":90,"column":57}}],"line":90},"26":{"loc":{"start":{"line":93,"column":8},"end":{"line":93,"column":76}},"type":"if","locations":[{"start":{"line":93,"column":8},"end":{"line":93,"column":76}},{"start":{},"end":{}}],"line":93},"27":{"loc":{"start":{"line":102,"column":6},"end":{"line":102,"column":29}},"type":"if","locations":[{"start":{"line":102,"column":6},"end":{"line":102,"column":29}},{"start":{},"end":{}}],"line":102},"28":{"loc":{"start":{"line":104,"column":97},"end":{"line":104,"column":119}},"type":"binary-expr","locations":[{"start":{"line":104,"column":97},"end":{"line":104,"column":106}},{"start":{"line":104,"column":110},"end":{"line":104,"column":119}}],"line":104},"29":{"loc":{"start":{"line":112,"column":2},"end":{"line":112,"column":83}},"type":"if","locations":[{"start":{"line":112,"column":2},"end":{"line":112,"column":83}},{"start":{},"end":{}}],"line":112},"30":{"loc":{"start":{"line":113,"column":18},"end":{"line":113,"column":43}},"type":"binary-expr","locations":[{"start":{"line":113,"column":18},"end":{"line":113,"column":35}},{"start":{"line":113,"column":39},"end":{"line":113,"column":43}}],"line":113},"31":{"loc":{"start":{"line":115,"column":4},"end":{"line":126,"column":5}},"type":"if","locations":[{"start":{"line":115,"column":4},"end":{"line":126,"column":5}},{"start":{},"end":{}}],"line":115},"32":{"loc":{"start":{"line":138,"column":4},"end":{"line":138,"column":29}},"type":"if","locations":[{"start":{"line":138,"column":4},"end":{"line":138,"column":29}},{"start":{},"end":{}}],"line":138},"33":{"loc":{"start":{"line":139,"column":4},"end":{"line":139,"column":72}},"type":"if","locations":[{"start":{"line":139,"column":4},"end":{"line":139,"column":72}},{"start":{},"end":{}}],"line":139},"34":{"loc":{"start":{"line":143,"column":4},"end":{"line":143,"column":25}},"type":"if","locations":[{"start":{"line":143,"column":4},"end":{"line":143,"column":25}},{"start":{},"end":{}}],"line":143},"35":{"loc":{"start":{"line":144,"column":21},"end":{"line":144,"column":34}},"type":"binary-expr","locations":[{"start":{"line":144,"column":21},"end":{"line":144,"column":28}},{"start":{"line":144,"column":32},"end":{"line":144,"column":34}}],"line":144},"36":{"loc":{"start":{"line":148,"column":60},"end":{"line":148,"column":91}},"type":"cond-expr","locations":[{"start":{"line":148,"column":77},"end":{"line":148,"column":84}},{"start":{"line":148,"column":87},"end":{"line":148,"column":91}}],"line":148},"37":{"loc":{"start":{"line":149,"column":67},"end":{"line":149,"column":98}},"type":"cond-expr","locations":[{"start":{"line":149,"column":84},"end":{"line":149,"column":91}},{"start":{"line":149,"column":94},"end":{"line":149,"column":98}}],"line":149},"38":{"loc":{"start":{"line":150,"column":71},"end":{"line":150,"column":102}},"type":"cond-expr","locations":[{"start":{"line":150,"column":88},"end":{"line":150,"column":95}},{"start":{"line":150,"column":98},"end":{"line":150,"column":102}}],"line":150},"39":{"loc":{"start":{"line":154,"column":29},"end":{"line":154,"column":40}},"type":"binary-expr","locations":[{"start":{"line":154,"column":29},"end":{"line":154,"column":34}},{"start":{"line":154,"column":38},"end":{"line":154,"column":40}}],"line":154},"40":{"loc":{"start":{"line":154,"column":51},"end":{"line":154,"column":64}},"type":"binary-expr","locations":[{"start":{"line":154,"column":51},"end":{"line":154,"column":58}},{"start":{"line":154,"column":62},"end":{"line":154,"column":64}}],"line":154},"41":{"loc":{"start":{"line":154,"column":79},"end":{"line":154,"column":96}},"type":"binary-expr","locations":[{"start":{"line":154,"column":79},"end":{"line":154,"column":90}},{"start":{"line":154,"column":94},"end":{"line":154,"column":96}}],"line":154},"42":{"loc":{"start":{"line":154,"column":111},"end":{"line":154,"column":128}},"type":"binary-expr","locations":[{"start":{"line":154,"column":111},"end":{"line":154,"column":122}},{"start":{"line":154,"column":126},"end":{"line":154,"column":128}}],"line":154},"43":{"loc":{"start":{"line":154,"column":159},"end":{"line":154,"column":172}},"type":"binary-expr","locations":[{"start":{"line":154,"column":159},"end":{"line":154,"column":166}},{"start":{"line":154,"column":170},"end":{"line":154,"column":172}}],"line":154},"44":{"loc":{"start":{"line":156,"column":4},"end":{"line":156,"column":67}},"type":"if","locations":[{"start":{"line":156,"column":4},"end":{"line":156,"column":67}},{"start":{},"end":{}}],"line":156},"45":{"loc":{"start":{"line":157,"column":41},"end":{"line":157,"column":63}},"type":"binary-expr","locations":[{"start":{"line":157,"column":41},"end":{"line":157,"column":50}},{"start":{"line":157,"column":54},"end":{"line":157,"column":63}}],"line":157},"46":{"loc":{"start":{"line":164,"column":2},"end":{"line":164,"column":120}},"type":"if","locations":[{"start":{"line":164,"column":2},"end":{"line":164,"column":120}},{"start":{},"end":{}}],"line":164},"47":{"loc":{"start":{"line":164,"column":6},"end":{"line":164,"column":44}},"type":"binary-expr","locations":[{"start":{"line":164,"column":6},"end":{"line":164,"column":13}},{"start":{"line":164,"column":17},"end":{"line":164,"column":44}}],"line":164},"48":{"loc":{"start":{"line":165,"column":2},"end":{"line":165,"column":83}},"type":"if","locations":[{"start":{"line":165,"column":2},"end":{"line":165,"column":83}},{"start":{},"end":{}}],"line":165},"49":{"loc":{"start":{"line":168,"column":70},"end":{"line":168,"column":88}},"type":"binary-expr","locations":[{"start":{"line":168,"column":70},"end":{"line":168,"column":80}},{"start":{"line":168,"column":84},"end":{"line":168,"column":88}}],"line":168},"50":{"loc":{"start":{"line":168,"column":100},"end":{"line":168,"column":115}},"type":"binary-expr","locations":[{"start":{"line":168,"column":100},"end":{"line":168,"column":107}},{"start":{"line":168,"column":111},"end":{"line":168,"column":115}}],"line":168},"51":{"loc":{"start":{"line":170,"column":4},"end":{"line":170,"column":27}},"type":"if","locations":[{"start":{"line":170,"column":4},"end":{"line":170,"column":27}},{"start":{},"end":{}}],"line":170},"52":{"loc":{"start":{"line":171,"column":49},"end":{"line":171,"column":64}},"type":"binary-expr","locations":[{"start":{"line":171,"column":49},"end":{"line":171,"column":53}},{"start":{"line":171,"column":57},"end":{"line":171,"column":64}}],"line":171},"53":{"loc":{"start":{"line":173,"column":4},"end":{"line":173,"column":67}},"type":"if","locations":[{"start":{"line":173,"column":4},"end":{"line":173,"column":67}},{"start":{},"end":{}}],"line":173},"54":{"loc":{"start":{"line":174,"column":41},"end":{"line":174,"column":63}},"type":"binary-expr","locations":[{"start":{"line":174,"column":41},"end":{"line":174,"column":50}},{"start":{"line":174,"column":54},"end":{"line":174,"column":63}}],"line":174},"55":{"loc":{"start":{"line":181,"column":2},"end":{"line":208,"column":3}},"type":"if","locations":[{"start":{"line":181,"column":2},"end":{"line":208,"column":3}},{"start":{},"end":{}}],"line":181},"56":{"loc":{"start":{"line":182,"column":4},"end":{"line":182,"column":85}},"type":"if","locations":[{"start":{"line":182,"column":4},"end":{"line":182,"column":85}},{"start":{},"end":{}}],"line":182},"57":{"loc":{"start":{"line":184,"column":4},"end":{"line":184,"column":124}},"type":"if","locations":[{"start":{"line":184,"column":4},"end":{"line":184,"column":124}},{"start":{},"end":{}}],"line":184},"58":{"loc":{"start":{"line":184,"column":8},"end":{"line":184,"column":49}},"type":"binary-expr","locations":[{"start":{"line":184,"column":8},"end":{"line":184,"column":12}},{"start":{"line":184,"column":16},"end":{"line":184,"column":49}}],"line":184},"59":{"loc":{"start":{"line":190,"column":6},"end":{"line":197,"column":7}},"type":"if","locations":[{"start":{"line":190,"column":6},"end":{"line":197,"column":7}},{"start":{"line":193,"column":13},"end":{"line":197,"column":7}}],"line":190},"60":{"loc":{"start":{"line":190,"column":10},"end":{"line":190,"column":87}},"type":"binary-expr","locations":[{"start":{"line":190,"column":10},"end":{"line":190,"column":22}},{"start":{"line":190,"column":26},"end":{"line":190,"column":43}},{"start":{"line":190,"column":47},"end":{"line":190,"column":58}},{"start":{"line":190,"column":62},"end":{"line":190,"column":87}}],"line":190},"61":{"loc":{"start":{"line":192,"column":8},"end":{"line":192,"column":148}},"type":"if","locations":[{"start":{"line":192,"column":8},"end":{"line":192,"column":148}},{"start":{},"end":{}}],"line":192},"62":{"loc":{"start":{"line":192,"column":105},"end":{"line":192,"column":145}},"type":"binary-expr","locations":[{"start":{"line":192,"column":105},"end":{"line":192,"column":116}},{"start":{"line":192,"column":120},"end":{"line":192,"column":145}}],"line":192},"63":{"loc":{"start":{"line":193,"column":13},"end":{"line":197,"column":7}},"type":"if","locations":[{"start":{"line":193,"column":13},"end":{"line":197,"column":7}},{"start":{},"end":{}}],"line":193},"64":{"loc":{"start":{"line":193,"column":17},"end":{"line":193,"column":57}},"type":"binary-expr","locations":[{"start":{"line":193,"column":17},"end":{"line":193,"column":29}},{"start":{"line":193,"column":33},"end":{"line":193,"column":57}}],"line":193},"65":{"loc":{"start":{"line":196,"column":8},"end":{"line":196,"column":80}},"type":"if","locations":[{"start":{"line":196,"column":8},"end":{"line":196,"column":80}},{"start":{},"end":{}}],"line":196},"66":{"loc":{"start":{"line":205,"column":6},"end":{"line":205,"column":29}},"type":"if","locations":[{"start":{"line":205,"column":6},"end":{"line":205,"column":29}},{"start":{},"end":{}}],"line":205},"67":{"loc":{"start":{"line":207,"column":104},"end":{"line":207,"column":126}},"type":"binary-expr","locations":[{"start":{"line":207,"column":104},"end":{"line":207,"column":113}},{"start":{"line":207,"column":117},"end":{"line":207,"column":126}}],"line":207},"68":{"loc":{"start":{"line":224,"column":2},"end":{"line":224,"column":69}},"type":"if","locations":[{"start":{"line":224,"column":2},"end":{"line":224,"column":69}},{"start":{},"end":{}}],"line":224},"69":{"loc":{"start":{"line":225,"column":2},"end":{"line":228,"column":3}},"type":"if","locations":[{"start":{"line":225,"column":2},"end":{"line":228,"column":3}},{"start":{},"end":{}}],"line":225},"70":{"loc":{"start":{"line":227,"column":118},"end":{"line":227,"column":141}},"type":"binary-expr","locations":[{"start":{"line":227,"column":118},"end":{"line":227,"column":126}},{"start":{"line":227,"column":130},"end":{"line":227,"column":141}}],"line":227},"71":{"loc":{"start":{"line":232,"column":4},"end":{"line":236,"column":7}},"type":"if","locations":[{"start":{"line":232,"column":4},"end":{"line":236,"column":7}},{"start":{},"end":{}}],"line":232},"72":{"loc":{"start":{"line":233,"column":16},"end":{"line":233,"column":39}},"type":"binary-expr","locations":[{"start":{"line":233,"column":16},"end":{"line":233,"column":24}},{"start":{"line":233,"column":28},"end":{"line":233,"column":39}}],"line":233},"73":{"loc":{"start":{"line":234,"column":16},"end":{"line":234,"column":41}},"type":"binary-expr","locations":[{"start":{"line":234,"column":16},"end":{"line":234,"column":24}},{"start":{"line":234,"column":28},"end":{"line":234,"column":41}}],"line":234},"74":{"loc":{"start":{"line":235,"column":23},"end":{"line":235,"column":63}},"type":"binary-expr","locations":[{"start":{"line":235,"column":23},"end":{"line":235,"column":34}},{"start":{"line":235,"column":38},"end":{"line":235,"column":63}}],"line":235},"75":{"loc":{"start":{"line":242,"column":4},"end":{"line":242,"column":146}},"type":"if","locations":[{"start":{"line":242,"column":4},"end":{"line":242,"column":146}},{"start":{},"end":{}}],"line":242},"76":{"loc":{"start":{"line":242,"column":103},"end":{"line":242,"column":143}},"type":"binary-expr","locations":[{"start":{"line":242,"column":103},"end":{"line":242,"column":114}},{"start":{"line":242,"column":118},"end":{"line":242,"column":143}}],"line":242},"77":{"loc":{"start":{"line":251,"column":4},"end":{"line":251,"column":27}},"type":"if","locations":[{"start":{"line":251,"column":4},"end":{"line":251,"column":27}},{"start":{},"end":{}}],"line":251},"78":{"loc":{"start":{"line":254,"column":96},"end":{"line":254,"column":118}},"type":"binary-expr","locations":[{"start":{"line":254,"column":96},"end":{"line":254,"column":105}},{"start":{"line":254,"column":109},"end":{"line":254,"column":118}}],"line":254},"79":{"loc":{"start":{"line":259,"column":2},"end":{"line":259,"column":50}},"type":"if","locations":[{"start":{"line":259,"column":2},"end":{"line":259,"column":50}},{"start":{},"end":{}}],"line":259},"80":{"loc":{"start":{"line":262,"column":4},"end":{"line":262,"column":191}},"type":"if","locations":[{"start":{"line":262,"column":4},"end":{"line":262,"column":191}},{"start":{},"end":{}}],"line":262},"81":{"loc":{"start":{"line":262,"column":67},"end":{"line":262,"column":90}},"type":"binary-expr","locations":[{"start":{"line":262,"column":67},"end":{"line":262,"column":75}},{"start":{"line":262,"column":79},"end":{"line":262,"column":90}}],"line":262},"82":{"loc":{"start":{"line":262,"column":102},"end":{"line":262,"column":127}},"type":"binary-expr","locations":[{"start":{"line":262,"column":102},"end":{"line":262,"column":110}},{"start":{"line":262,"column":114},"end":{"line":262,"column":127}}],"line":262},"83":{"loc":{"start":{"line":262,"column":146},"end":{"line":262,"column":186}},"type":"binary-expr","locations":[{"start":{"line":262,"column":146},"end":{"line":262,"column":157}},{"start":{"line":262,"column":161},"end":{"line":262,"column":186}}],"line":262},"84":{"loc":{"start":{"line":267,"column":4},"end":{"line":267,"column":146}},"type":"if","locations":[{"start":{"line":267,"column":4},"end":{"line":267,"column":146}},{"start":{},"end":{}}],"line":267},"85":{"loc":{"start":{"line":267,"column":103},"end":{"line":267,"column":143}},"type":"binary-expr","locations":[{"start":{"line":267,"column":103},"end":{"line":267,"column":114}},{"start":{"line":267,"column":118},"end":{"line":267,"column":143}}],"line":267},"86":{"loc":{"start":{"line":270,"column":4},"end":{"line":270,"column":27}},"type":"if","locations":[{"start":{"line":270,"column":4},"end":{"line":270,"column":27}},{"start":{},"end":{}}],"line":270},"87":{"loc":{"start":{"line":271,"column":31},"end":{"line":271,"column":41}},"type":"binary-expr","locations":[{"start":{"line":271,"column":31},"end":{"line":271,"column":35}},{"start":{"line":271,"column":39},"end":{"line":271,"column":41}}],"line":271},"88":{"loc":{"start":{"line":272,"column":96},"end":{"line":272,"column":118}},"type":"binary-expr","locations":[{"start":{"line":272,"column":96},"end":{"line":272,"column":105}},{"start":{"line":272,"column":109},"end":{"line":272,"column":118}}],"line":272},"89":{"loc":{"start":{"line":278,"column":2},"end":{"line":278,"column":37}},"type":"if","locations":[{"start":{"line":278,"column":2},"end":{"line":278,"column":37}},{"start":{},"end":{}}],"line":278},"90":{"loc":{"start":{"line":281,"column":4},"end":{"line":281,"column":27}},"type":"if","locations":[{"start":{"line":281,"column":4},"end":{"line":281,"column":27}},{"start":{},"end":{}}],"line":281},"91":{"loc":{"start":{"line":282,"column":29},"end":{"line":282,"column":41}},"type":"binary-expr","locations":[{"start":{"line":282,"column":29},"end":{"line":282,"column":33}},{"start":{"line":282,"column":37},"end":{"line":282,"column":41}}],"line":282},"92":{"loc":{"start":{"line":283,"column":104},"end":{"line":283,"column":126}},"type":"binary-expr","locations":[{"start":{"line":283,"column":104},"end":{"line":283,"column":113}},{"start":{"line":283,"column":117},"end":{"line":283,"column":126}}],"line":283},"93":{"loc":{"start":{"line":290,"column":2},"end":{"line":290,"column":122}},"type":"if","locations":[{"start":{"line":290,"column":2},"end":{"line":290,"column":122}},{"start":{},"end":{}}],"line":290},"94":{"loc":{"start":{"line":290,"column":81},"end":{"line":290,"column":116}},"type":"binary-expr","locations":[{"start":{"line":290,"column":81},"end":{"line":290,"column":87}},{"start":{"line":290,"column":92},"end":{"line":290,"column":100}},{"start":{"line":290,"column":104},"end":{"line":290,"column":115}}],"line":290},"95":{"loc":{"start":{"line":294,"column":4},"end":{"line":294,"column":25}},"type":"if","locations":[{"start":{"line":294,"column":4},"end":{"line":294,"column":25}},{"start":{},"end":{}}],"line":294},"96":{"loc":{"start":{"line":295,"column":4},"end":{"line":295,"column":72}},"type":"if","locations":[{"start":{"line":295,"column":4},"end":{"line":295,"column":72}},{"start":{},"end":{}}],"line":295},"97":{"loc":{"start":{"line":298,"column":4},"end":{"line":302,"column":5}},"type":"if","locations":[{"start":{"line":298,"column":4},"end":{"line":302,"column":5}},{"start":{},"end":{}}],"line":298},"98":{"loc":{"start":{"line":298,"column":8},"end":{"line":298,"column":57}},"type":"binary-expr","locations":[{"start":{"line":298,"column":8},"end":{"line":298,"column":16}},{"start":{"line":298,"column":20},"end":{"line":298,"column":47}},{"start":{"line":298,"column":51},"end":{"line":298,"column":57}}],"line":298},"99":{"loc":{"start":{"line":300,"column":6},"end":{"line":300,"column":29}},"type":"if","locations":[{"start":{"line":300,"column":6},"end":{"line":300,"column":29}},{"start":{},"end":{}}],"line":300},"100":{"loc":{"start":{"line":301,"column":51},"end":{"line":301,"column":66}},"type":"binary-expr","locations":[{"start":{"line":301,"column":51},"end":{"line":301,"column":55}},{"start":{"line":301,"column":59},"end":{"line":301,"column":66}}],"line":301},"101":{"loc":{"start":{"line":305,"column":4},"end":{"line":305,"column":85}},"type":"if","locations":[{"start":{"line":305,"column":4},"end":{"line":305,"column":85}},{"start":{},"end":{}}],"line":305},"102":{"loc":{"start":{"line":306,"column":4},"end":{"line":306,"column":94}},"type":"if","locations":[{"start":{"line":306,"column":4},"end":{"line":306,"column":94}},{"start":{},"end":{}}],"line":306},"103":{"loc":{"start":{"line":307,"column":4},"end":{"line":307,"column":85}},"type":"if","locations":[{"start":{"line":307,"column":4},"end":{"line":307,"column":85}},{"start":{},"end":{}}],"line":307},"104":{"loc":{"start":{"line":310,"column":4},"end":{"line":310,"column":27}},"type":"if","locations":[{"start":{"line":310,"column":4},"end":{"line":310,"column":27}},{"start":{},"end":{}}],"line":310},"105":{"loc":{"start":{"line":311,"column":49},"end":{"line":311,"column":64}},"type":"binary-expr","locations":[{"start":{"line":311,"column":49},"end":{"line":311,"column":53}},{"start":{"line":311,"column":57},"end":{"line":311,"column":64}}],"line":311},"106":{"loc":{"start":{"line":312,"column":90},"end":{"line":312,"column":112}},"type":"binary-expr","locations":[{"start":{"line":312,"column":90},"end":{"line":312,"column":99}},{"start":{"line":312,"column":103},"end":{"line":312,"column":112}}],"line":312},"107":{"loc":{"start":{"line":318,"column":2},"end":{"line":318,"column":51}},"type":"if","locations":[{"start":{"line":318,"column":2},"end":{"line":318,"column":51}},{"start":{},"end":{}}],"line":318},"108":{"loc":{"start":{"line":321,"column":4},"end":{"line":321,"column":25}},"type":"if","locations":[{"start":{"line":321,"column":4},"end":{"line":321,"column":25}},{"start":{},"end":{}}],"line":321},"109":{"loc":{"start":{"line":322,"column":21},"end":{"line":322,"column":34}},"type":"binary-expr","locations":[{"start":{"line":322,"column":21},"end":{"line":322,"column":28}},{"start":{"line":322,"column":32},"end":{"line":322,"column":34}}],"line":322},"110":{"loc":{"start":{"line":323,"column":4},"end":{"line":323,"column":64}},"type":"if","locations":[{"start":{"line":323,"column":4},"end":{"line":323,"column":64}},{"start":{},"end":{}}],"line":323},"111":{"loc":{"start":{"line":325,"column":4},"end":{"line":325,"column":25}},"type":"if","locations":[{"start":{"line":325,"column":4},"end":{"line":325,"column":25}},{"start":{},"end":{}}],"line":325},"112":{"loc":{"start":{"line":326,"column":32},"end":{"line":326,"column":46}},"type":"binary-expr","locations":[{"start":{"line":326,"column":32},"end":{"line":326,"column":40}},{"start":{"line":326,"column":44},"end":{"line":326,"column":46}}],"line":326},"113":{"loc":{"start":{"line":327,"column":97},"end":{"line":327,"column":119}},"type":"binary-expr","locations":[{"start":{"line":327,"column":97},"end":{"line":327,"column":106}},{"start":{"line":327,"column":110},"end":{"line":327,"column":119}}],"line":327},"114":{"loc":{"start":{"line":330,"column":0},"end":{"line":334,"column":1}},"type":"if","locations":[{"start":{"line":330,"column":0},"end":{"line":334,"column":1}},{"start":{},"end":{}}],"line":330}},"s":{"0":2,"1":2,"2":2,"3":2,"4":2,"5":2,"6":2,"7":2,"8":2,"9":2,"10":2,"11":2,"12":2,"13":0,"14":2,"15":2,"16":2,"17":2,"18":2,"19":2,"20":2,"21":0,"22":0,"23":2,"24":2,"25":2,"26":2,"27":2,"28":2,"29":1,"30":1,"31":0,"32":1,"33":1,"34":0,"35":0,"36":0,"37":1,"38":1,"39":2,"40":2,"41":2,"42":2,"43":25,"44":2,"45":1,"46":2,"47":4,"48":4,"49":2,"50":1,"51":1,"52":1,"53":1,"54":0,"55":0,"56":0,"57":0,"58":0,"59":0,"60":0,"61":0,"62":0,"63":0,"64":0,"65":0,"66":0,"67":0,"68":0,"69":0,"70":0,"71":0,"72":0,"73":2,"74":2,"75":1,"76":1,"77":0,"78":0,"79":0,"80":0,"81":0,"82":0,"83":0,"84":0,"85":0,"86":0,"87":0,"88":0,"89":0,"90":0,"91":0,"92":0,"93":0,"94":0,"95":0,"96":0,"97":0,"98":0,"99":0,"100":0,"101":0,"102":0,"103":2,"104":3,"105":3,"106":2,"107":1,"108":1,"109":0,"110":0,"111":0,"112":0,"113":0,"114":0,"115":0,"116":0,"117":0,"118":2,"119":2,"120":2,"121":1,"122":1,"123":0,"124":0,"125":0,"126":0,"127":0,"128":0,"129":0,"130":0,"131":0,"132":0,"133":0,"134":0,"135":0,"136":0,"137":0,"138":0,"139":0,"140":0,"141":0,"142":0,"143":1,"144":1,"145":1,"146":1,"147":1,"148":6,"149":1,"150":2,"151":2,"152":2,"153":1,"154":1,"155":1,"156":0,"157":0,"158":0,"159":0,"160":0,"161":0,"162":0,"163":0,"164":0,"165":0,"166":0,"167":0,"168":0,"169":2,"170":1,"171":1,"172":0,"173":0,"174":0,"175":0,"176":0,"177":0,"178":0,"179":0,"180":0,"181":0,"182":0,"183":0,"184":2,"185":2,"186":2,"187":1,"188":1,"189":1,"190":1,"191":0,"192":1,"193":0,"194":0,"195":2,"196":1,"197":1,"198":1,"199":1,"200":0,"201":0,"202":0,"203":0,"204":0,"205":0,"206":0,"207":0,"208":0,"209":0,"210":0,"211":0,"212":0,"213":0,"214":0,"215":0,"216":0,"217":0,"218":0,"219":0,"220":0,"221":0,"222":0,"223":0,"224":2,"225":1,"226":1,"227":1,"228":0,"229":0,"230":0,"231":0,"232":0,"233":0,"234":0,"235":0,"236":0,"237":0,"238":0,"239":0,"240":0,"241":0,"242":2,"243":0,"244":0,"245":2},"f":{"0":0,"1":25,"2":1,"3":4,"4":1,"5":0,"6":3,"7":2,"8":1,"9":2,"10":1,"11":2,"12":1,"13":1,"14":0,"15":0},"b":{"0":[0,0],"1":[0,0],"2":[2,2],"3":[2,1],"4":[2,1],"5":[2,2],"6":[1,1],"7":[2,1],"8":[0,1],"9":[0,1],"10":[1,0],"11":[2,2],"12":[1,1],"13":[1,0],"14":[1,1],"15":[0,0],"16":[0,0],"17":[0,0],"18":[0,0],"19":[0,0],"20":[0,0],"21":[0,0,0,0],"22":[0,0],"23":[0,0],"24":[0,0],"25":[0,0],"26":[0,0],"27":[0,0],"28":[0,0],"29":[1,0],"30":[0,0],"31":[0,0],"32":[0,0],"33":[0,0],"34":[0,0],"35":[0,0],"36":[0,0],"37":[0,0],"38":[0,0],"39":[0,0],"40":[0,0],"41":[0,0],"42":[0,0],"43":[0,0],"44":[0,0],"45":[0,0],"46":[2,1],"47":[3,2],"48":[1,0],"49":[0,0],"50":[0,0],"51":[0,0],"52":[0,0],"53":[0,0],"54":[0,0],"55":[1,1],"56":[1,0],"57":[0,0],"58":[0,0],"59":[0,0],"60":[0,0,0,0],"61":[0,0],"62":[0,0],"63":[0,0],"64":[0,0],"65":[0,0],"66":[0,0],"67":[0,0],"68":[1,1],"69":[1,0],"70":[1,0],"71":[0,0],"72":[0,0],"73":[0,0],"74":[0,0],"75":[0,0],"76":[0,0],"77":[0,0],"78":[0,0],"79":[1,0],"80":[0,0],"81":[0,0],"82":[0,0],"83":[0,0],"84":[0,0],"85":[0,0],"86":[0,0],"87":[0,0],"88":[0,0],"89":[1,1],"90":[0,1],"91":[1,0],"92":[0,0],"93":[1,0],"94":[1,0,0],"95":[0,0],"96":[0,0],"97":[0,0],"98":[0,0,0],"99":[0,0],"100":[0,0],"101":[0,0],"102":[0,0],"103":[0,0],"104":[0,0],"105":[0,0],"106":[0,0],"107":[1,0],"108":[0,0],"109":[0,0],"110":[0,0],"111":[0,0],"112":[0,0],"113":[0,0],"114":[0,2]},"_coverageSchema":"1a1c01bbd47fc00a2c39e90264f33305004495a9","hash":"5120ab8a9d181e269ad207153eed7295897137ea"}
,"/home/runner/work/car-diagnosis-simulator/car-diagnosis-simulator/torquemind-api/middleware/auth.js": {"path":"/home/runner/work/car-diagnosis-simulator/car-diagnosis-simulator/torquemind-api/middleware/auth.js","statementMap":{"0":{"start":{"line":1,"column":25},"end":{"line":1,"column":57}},"1":{"start":{"line":3,"column":0},"end":{"line":83,"column":2}},"2":{"start":{"line":4,"column":2},"end":{"line":82,"column":4}},"3":{"start":{"line":5,"column":22},"end":{"line":5,"column":55}},"4":{"start":{"line":7,"column":4},"end":{"line":11,"column":5}},"5":{"start":{"line":8,"column":6},"end":{"line":8,"column":184}},"6":{"start":{"line":8,"column":21},"end":{"line":8,"column":184}},"7":{"start":{"line":13,"column":4},"end":{"line":13,"column":53}},"8":{"start":{"line":13,"column":20},"end":{"line":13,"column":36}},"9":{"start":{"line":13,"column":37},"end":{"line":13,"column":51}},"10":{"start":{"line":14,"column":17},"end":{"line":14,"column":71}},"11":{"start":{"line":17,"column":4},"end":{"line":20,"column":5}},"12":{"start":{"line":18,"column":6},"end":{"line":18,"column":22}},"13":{"start":{"line":19,"column":6},"end":{"line":19,"column":20}},"14":{"start":{"line":22,"column":18},"end":{"line":22,"column":49}},"15":{"start":{"line":23,"column":4},"end":{"line":27,"column":18}},"16":{"start":{"line":24,"column":6},"end":{"line":26,"column":7}},"17":{"start":{"line":25,"column":8},"end":{"line":25,"column":117}},"18":{"start":{"line":25,"column":14},"end":{"line":25,"column":102}},"19":{"start":{"line":28,"column":4},"end":{"line":81,"column":5}},"20":{"start":{"line":29,"column":30},"end":{"line":29,"column":64}},"21":{"start":{"line":30,"column":6},"end":{"line":30,"column":129}},"22":{"start":{"line":30,"column":21},"end":{"line":30,"column":129}},"23":{"start":{"line":31,"column":6},"end":{"line":35,"column":7}},"24":{"start":{"line":32,"column":8},"end":{"line":32,"column":83}},"25":{"start":{"line":33,"column":8},"end":{"line":33,"column":24}},"26":{"start":{"line":34,"column":8},"end":{"line":34,"column":75}},"27":{"start":{"line":36,"column":19},"end":{"line":36,"column":28}},"28":{"start":{"line":41,"column":21},"end":{"line":41,"column":55}},"29":{"start":{"line":42,"column":6},"end":{"line":75,"column":7}},"30":{"start":{"line":44,"column":31},"end":{"line":50,"column":10}},"31":{"start":{"line":52,"column":47},"end":{"line":56,"column":24}},"32":{"start":{"line":58,"column":8},"end":{"line":65,"column":9}},"33":{"start":{"line":59,"column":10},"end":{"line":59,"column":46}},"34":{"start":{"line":62,"column":43},"end":{"line":62,"column":121}},"35":{"start":{"line":63,"column":10},"end":{"line":63,"column":75}},"36":{"start":{"line":63,"column":42},"end":{"line":63,"column":75}},"37":{"start":{"line":64,"column":10},"end":{"line":64,"column":85}},"38":{"start":{"line":64,"column":29},"end":{"line":64,"column":85}},"39":{"start":{"line":67,"column":8},"end":{"line":72,"column":11}},"40":{"start":{"line":67,"column":23},"end":{"line":72,"column":11}},"41":{"start":{"line":74,"column":8},"end":{"line":74,"column":109}},"42":{"start":{"line":76,"column":6},"end":{"line":76,"column":26}},"43":{"start":{"line":77,"column":6},"end":{"line":77,"column":20}},"44":{"start":{"line":79,"column":6},"end":{"line":79,"column":48}},"45":{"start":{"line":80,"column":6},"end":{"line":80,"column":73}}},"fnMap":{"0":{"name":"createAuthMiddleware","decl":{"start":{"line":3,"column":26},"end":{"line":3,"column":46}},"loc":{"start":{"line":3,"column":56},"end":{"line":83,"column":1}},"line":3},"1":{"name":"authMiddleware","decl":{"start":{"line":4,"column":24},"end":{"line":4,"column":38}},"loc":{"start":{"line":4,"column":54},"end":{"line":82,"column":3}},"line":4}},"branchMap":{"0":{"loc":{"start":{"line":8,"column":6},"end":{"line":8,"column":184}},"type":"if","locations":[{"start":{"line":8,"column":6},"end":{"line":8,"column":184}},{"start":{},"end":{}}],"line":8},"1":{"loc":{"start":{"line":8,"column":108},"end":{"line":8,"column":179}},"type":"binary-expr","locations":[{"start":{"line":8,"column":108},"end":{"line":8,"column":119}},{"start":{"line":8,"column":124},"end":{"line":8,"column":149}},{"start":{"line":8,"column":153},"end":{"line":8,"column":178}}],"line":8},"2":{"loc":{"start":{"line":13,"column":4},"end":{"line":13,"column":53}},"type":"if","locations":[{"start":{"line":13,"column":4},"end":{"line":13,"column":53}},{"start":{},"end":{}}],"line":13},"3":{"loc":{"start":{"line":14,"column":17},"end":{"line":14,"column":71}},"type":"binary-expr","locations":[{"start":{"line":14,"column":17},"end":{"line":14,"column":42}},{"start":{"line":14,"column":46},"end":{"line":14,"column":71}}],"line":14},"4":{"loc":{"start":{"line":17,"column":4},"end":{"line":20,"column":5}},"type":"if","locations":[{"start":{"line":17,"column":4},"end":{"line":20,"column":5}},{"start":{},"end":{}}],"line":17},"5":{"loc":{"start":{"line":17,"column":8},"end":{"line":17,"column":44}},"type":"binary-expr","locations":[{"start":{"line":17,"column":8},"end":{"line":17,"column":13}},{"start":{"line":17,"column":17},"end":{"line":17,"column":44}}],"line":17},"6":{"loc":{"start":{"line":24,"column":6},"end":{"line":26,"column":7}},"type":"if","locations":[{"start":{"line":24,"column":6},"end":{"line":26,"column":7}},{"start":{},"end":{}}],"line":24},"7":{"loc":{"start":{"line":30,"column":6},"end":{"line":30,"column":129}},"type":"if","locations":[{"start":{"line":30,"column":6},"end":{"line":30,"column":129}},{"start":{},"end":{}}],"line":30},"8":{"loc":{"start":{"line":30,"column":61},"end":{"line":30,"column":94}},"type":"binary-expr","locations":[{"start":{"line":30,"column":61},"end":{"line":30,"column":65}},{"start":{"line":30,"column":69},"end":{"line":30,"column":78}},{"start":{"line":30,"column":82},"end":{"line":30,"column":94}}],"line":30},"9":{"loc":{"start":{"line":30,"column":103},"end":{"line":30,"column":125}},"type":"binary-expr","locations":[{"start":{"line":30,"column":103},"end":{"line":30,"column":108}},{"start":{"line":30,"column":112},"end":{"line":30,"column":125}}],"line":30},"10":{"loc":{"start":{"line":31,"column":6},"end":{"line":35,"column":7}},"type":"if","locations":[{"start":{"line":31,"column":6},"end":{"line":35,"column":7}},{"start":{},"end":{}}],"line":31},"11":{"loc":{"start":{"line":31,"column":10},"end":{"line":31,"column":38}},"type":"binary-expr","locations":[{"start":{"line":31,"column":10},"end":{"line":31,"column":15}},{"start":{"line":31,"column":19},"end":{"line":31,"column":24}},{"start":{"line":31,"column":28},"end":{"line":31,"column":38}}],"line":31},"12":{"loc":{"start":{"line":32,"column":59},"end":{"line":32,"column":81}},"type":"binary-expr","locations":[{"start":{"line":32,"column":59},"end":{"line":32,"column":64}},{"start":{"line":32,"column":68},"end":{"line":32,"column":81}}],"line":32},"13":{"loc":{"start":{"line":58,"column":8},"end":{"line":65,"column":9}},"type":"if","locations":[{"start":{"line":58,"column":8},"end":{"line":65,"column":9}},{"start":{"line":60,"column":15},"end":{"line":65,"column":9}}],"line":58},"14":{"loc":{"start":{"line":58,"column":12},"end":{"line":58,"column":44}},"type":"binary-expr","locations":[{"start":{"line":58,"column":12},"end":{"line":58,"column":16}},{"start":{"line":58,"column":20},"end":{"line":58,"column":44}}],"line":58},"15":{"loc":{"start":{"line":63,"column":10},"end":{"line":63,"column":75}},"type":"if","locations":[{"start":{"line":63,"column":10},"end":{"line":63,"column":75}},{"start":{},"end":{}}],"line":63},"16":{"loc":{"start":{"line":63,"column":14},"end":{"line":63,"column":40}},"type":"binary-expr","locations":[{"start":{"line":63,"column":14},"end":{"line":63,"column":15}},{"start":{"line":63,"column":19},"end":{"line":63,"column":40}}],"line":63},"17":{"loc":{"start":{"line":64,"column":10},"end":{"line":64,"column":85}},"type":"if","locations":[{"start":{"line":64,"column":10},"end":{"line":64,"column":85}},{"start":{},"end":{}}],"line":64},"18":{"loc":{"start":{"line":64,"column":14},"end":{"line":64,"column":27}},"type":"binary-expr","locations":[{"start":{"line":64,"column":14},"end":{"line":64,"column":19}},{"start":{"line":64,"column":23},"end":{"line":64,"column":27}}],"line":64},"19":{"loc":{"start":{"line":64,"column":63},"end":{"line":64,"column":83}},"type":"binary-expr","locations":[{"start":{"line":64,"column":63},"end":{"line":64,"column":75}},{"start":{"line":64,"column":79},"end":{"line":64,"column":83}}],"line":64},"20":{"loc":{"start":{"line":67,"column":8},"end":{"line":72,"column":11}},"type":"if","locations":[{"start":{"line":67,"column":8},"end":{"line":72,"column":11}},{"start":{},"end":{}}],"line":67},"21":{"loc":{"start":{"line":71,"column":24},"end":{"line":71,"column":75}},"type":"cond-expr","locations":[{"start":{"line":71,"column":53},"end":{"line":71,"column":68}},{"start":{"line":71,"column":71},"end":{"line":71,"column":75}}],"line":71},"22":{"loc":{"start":{"line":71,"column":24},"end":{"line":71,"column":50}},"type":"binary-expr","locations":[{"start":{"line":71,"column":24},"end":{"line":71,"column":31}},{"start":{"line":71,"column":35},"end":{"line":71,"column":50}}],"line":71},"23":{"loc":{"start":{"line":74,"column":79},"end":{"line":74,"column":107}},"type":"binary-expr","locations":[{"start":{"line":74,"column":79},"end":{"line":74,"column":87}},{"start":{"line":74,"column":91},"end":{"line":74,"column":107}}],"line":74}},"s":{"0":3,"1":3,"2":13,"3":36,"4":36,"5":36,"6":0,"7":36,"8":16,"9":16,"10":20,"11":20,"12":10,"13":10,"14":10,"15":10,"16":10,"17":0,"18":0,"19":10,"20":10,"21":9,"22":0,"23":9,"24":3,"25":3,"26":3,"27":6,"28":6,"29":6,"30":6,"31":6,"32":6,"33":4,"34":2,"35":2,"36":1,"37":2,"38":1,"39":6,"40":0,"41":0,"42":6,"43":6,"44":1,"45":1},"f":{"0":13,"1":36},"b":{"0":[0,36],"1":[0,0,0],"2":[16,20],"3":[20,9],"4":[10,10],"5":[20,11],"6":[0,10],"7":[0,9],"8":[0,0,0],"9":[0,0],"10":[3,6],"11":[9,8,7],"12":[3,1],"13":[4,2],"14":[6,5],"15":[1,1],"16":[2,1],"17":[1,1],"18":[2,1],"19":[1,0],"20":[0,6],"21":[0,0],"22":[0,0],"23":[0,0]},"_coverageSchema":"1a1c01bbd47fc00a2c39e90264f33305004495a9","hash":"ffeb3680b139dffb292ca1cc30a9f52c491cf7b0"}
,"/home/runner/work/car-diagnosis-simulator/car-diagnosis-simulator/torquemind-api/middleware/requireRole.js": {"path":"/home/runner/work/car-diagnosis-simulator/car-diagnosis-simulator/torquemind-api/middleware/requireRole.js","statementMap":{"0":{"start":{"line":1,"column":0},"end":{"line":11,"column":2}},"1":{"start":{"line":2,"column":2},"end":{"line":10,"column":4}},"2":{"start":{"line":4,"column":4},"end":{"line":4,"column":58}},"3":{"start":{"line":4,"column":44},"end":{"line":4,"column":58}},"4":{"start":{"line":5,"column":17},"end":{"line":5,"column":25}},"5":{"start":{"line":6,"column":4},"end":{"line":6,"column":81}},"6":{"start":{"line":6,"column":15},"end":{"line":6,"column":81}},"7":{"start":{"line":8,"column":4},"end":{"line":8,"column":88}},"8":{"start":{"line":8,"column":28},"end":{"line":8,"column":88}},"9":{"start":{"line":9,"column":4},"end":{"line":9,"column":18}}},"fnMap":{"0":{"name":"requireRole","decl":{"start":{"line":1,"column":26},"end":{"line":1,"column":37}},"loc":{"start":{"line":1,"column":43},"end":{"line":11,"column":1}},"line":1},"1":{"name":"(anonymous_1)","decl":{"start":{"line":2,"column":9},"end":{"line":2,"column":10}},"loc":{"start":{"line":2,"column":33},"end":{"line":10,"column":3}},"line":2}},"branchMap":{"0":{"loc":{"start":{"line":4,"column":4},"end":{"line":4,"column":58}},"type":"if","locations":[{"start":{"line":4,"column":4},"end":{"line":4,"column":58}},{"start":{},"end":{}}],"line":4},"1":{"loc":{"start":{"line":6,"column":4},"end":{"line":6,"column":81}},"type":"if","locations":[{"start":{"line":6,"column":4},"end":{"line":6,"column":81}},{"start":{},"end":{}}],"line":6},"2":{"loc":{"start":{"line":8,"column":4},"end":{"line":8,"column":88}},"type":"if","locations":[{"start":{"line":8,"column":4},"end":{"line":8,"column":88}},{"start":{},"end":{}}],"line":8}},"s":{"0":3,"1":18,"2":23,"3":10,"4":13,"5":13,"6":7,"7":6,"8":4,"9":2},"f":{"0":18,"1":23},"b":{"0":[10,13],"1":[7,6],"2":[4,2]},"_coverageSchema":"1a1c01bbd47fc00a2c39e90264f33305004495a9","hash":"d50f58893a7dd169eb6042beedfc6fdc361601ac"}
}
