TN:
SF:index.js
FN:23,(anonymous_0)
FN:65,(anonymous_1)
FN:68,(anonymous_2)
FN:73,(anonymous_3)
FN:111,(anonymous_4)
FN:144,(anonymous_5)
FN:162,(anonymous_6)
FN:179,(anonymous_7)
FN:214,makeClassCode
FN:222,(anonymous_9)
FN:258,(anonymous_10)
FN:276,(anonymous_11)
FN:287,(anonymous_12)
FN:316,(anonymous_13)
FN:322,(anonymous_14)
FN:331,(anonymous_15)
FNF:16
FNH:12
FNDA:0,(anonymous_0)
FNDA:25,(anonymous_1)
FNDA:1,(anonymous_2)
FNDA:4,(anonymous_3)
FNDA:1,(anonymous_4)
FNDA:0,(anonymous_5)
FNDA:3,(anonymous_6)
FNDA:2,(anonymous_7)
FNDA:1,makeClassCode
FNDA:2,(anonymous_9)
FNDA:1,(anonymous_10)
FNDA:2,(anonymous_11)
FNDA:1,(anonymous_12)
FNDA:1,(anonymous_13)
FNDA:0,(anonymous_14)
FNDA:0,(anonymous_15)
DA:1,2
DA:2,2
DA:3,2
DA:4,2
DA:5,2
DA:7,2
DA:8,2
DA:9,2
DA:10,2
DA:11,2
DA:14,2
DA:17,2
DA:23,2
DA:24,0
DA:28,2
DA:29,2
DA:30,2
DA:31,2
DA:32,2
DA:33,2
DA:34,2
DA:36,0
DA:38,2
DA:39,2
DA:40,2
DA:41,2
DA:43,2
DA:44,2
DA:45,1
DA:46,1
DA:47,1
DA:48,1
DA:51,0
DA:52,0
DA:53,0
DA:55,1
DA:56,1
DA:60,2
DA:61,2
DA:62,2
DA:65,25
DA:68,2
DA:69,1
DA:73,2
DA:74,4
DA:76,4
DA:77,2
DA:79,1
DA:80,1
DA:81,0
DA:82,0
DA:83,0
DA:86,0
DA:87,0
DA:88,0
DA:89,0
DA:90,0
DA:92,0
DA:93,0
DA:96,0
DA:102,0
DA:103,0
DA:104,0
DA:107,2
DA:111,2
DA:112,1
DA:113,0
DA:114,0
DA:115,0
DA:117,0
DA:125,0
DA:129,0
DA:132,0
DA:138,0
DA:139,0
DA:142,0
DA:143,0
DA:144,0
DA:147,0
DA:148,0
DA:149,0
DA:150,0
DA:151,0
DA:152,0
DA:154,0
DA:156,0
DA:157,0
DA:162,2
DA:163,3
DA:164,3
DA:165,1
DA:167,0
DA:168,0
DA:169,0
DA:170,0
DA:171,0
DA:173,0
DA:174,0
DA:179,2
DA:180,2
DA:181,2
DA:182,1
DA:183,0
DA:184,0
DA:185,0
DA:186,0
DA:189,0
DA:190,0
DA:191,0
DA:192,0
DA:193,0
DA:195,0
DA:196,0
DA:199,0
DA:205,0
DA:206,0
DA:207,0
DA:210,1
DA:215,1
DA:216,1
DA:217,6
DA:218,1
DA:222,2
DA:223,2
DA:224,2
DA:225,1
DA:227,1
DA:230,0
DA:232,0
DA:239,0
DA:242,0
DA:244,0
DA:245,0
DA:251,0
DA:253,0
DA:254,0
DA:258,2
DA:259,1
DA:260,0
DA:262,0
DA:264,0
DA:267,0
DA:269,0
DA:270,0
DA:271,0
DA:272,0
DA:276,2
DA:277,2
DA:278,2
DA:279,1
DA:280,1
DA:281,1
DA:282,1
DA:283,0
DA:287,2
DA:288,1
DA:289,1
DA:290,1
DA:292,0
DA:293,0
DA:294,0
DA:295,0
DA:298,0
DA:299,0
DA:300,0
DA:301,0
DA:305,0
DA:306,0
DA:307,0
DA:308,0
DA:309,0
DA:310,0
DA:311,0
DA:312,0
DA:316,2
DA:317,1
DA:318,1
DA:319,0
DA:320,0
DA:321,0
DA:322,0
DA:323,0
DA:324,0
DA:325,0
DA:326,0
DA:327,0
DA:330,2
DA:331,0
DA:332,0
DA:336,2
LF:190
LH:83
BRDA:36,0,0,0
BRDA:36,0,1,0
BRDA:36,1,0,0
BRDA:36,1,1,0
BRDA:38,2,0,2
BRDA:38,2,1,2
BRDA:39,3,0,2
BRDA:39,3,1,1
BRDA:40,4,0,2
BRDA:40,4,1,1
BRDA:41,5,0,2
BRDA:41,5,1,2
BRDA:44,6,0,1
BRDA:44,6,1,1
BRDA:44,7,0,2
BRDA:44,7,1,1
BRDA:46,8,0,0
BRDA:46,8,1,1
BRDA:48,9,0,0
BRDA:48,9,1,1
BRDA:48,10,0,1
BRDA:48,10,1,0
BRDA:76,11,0,2
BRDA:76,11,1,2
BRDA:77,12,0,1
BRDA:77,12,1,1
BRDA:80,13,0,1
BRDA:80,13,1,0
BRDA:80,14,0,1
BRDA:80,14,1,1
BRDA:82,15,0,0
BRDA:82,15,1,0
BRDA:82,16,0,0
BRDA:82,16,1,0
BRDA:82,17,0,0
BRDA:82,17,1,0
BRDA:83,18,0,0
BRDA:83,18,1,0
BRDA:83,19,0,0
BRDA:83,19,1,0
BRDA:87,20,0,0
BRDA:87,20,1,0
BRDA:87,21,0,0
BRDA:87,21,1,0
BRDA:87,21,2,0
BRDA:87,21,3,0
BRDA:89,22,0,0
BRDA:89,22,1,0
BRDA:89,23,0,0
BRDA:89,23,1,0
BRDA:90,24,0,0
BRDA:90,24,1,0
BRDA:90,25,0,0
BRDA:90,25,1,0
BRDA:93,26,0,0
BRDA:93,26,1,0
BRDA:102,27,0,0
BRDA:102,27,1,0
BRDA:104,28,0,0
BRDA:104,28,1,0
BRDA:112,29,0,1
BRDA:112,29,1,0
BRDA:113,30,0,0
BRDA:113,30,1,0
BRDA:115,31,0,0
BRDA:115,31,1,0
BRDA:138,32,0,0
BRDA:138,32,1,0
BRDA:139,33,0,0
BRDA:139,33,1,0
BRDA:143,34,0,0
BRDA:143,34,1,0
BRDA:144,35,0,0
BRDA:144,35,1,0
BRDA:148,36,0,0
BRDA:148,36,1,0
BRDA:149,37,0,0
BRDA:149,37,1,0
BRDA:150,38,0,0
BRDA:150,38,1,0
BRDA:154,39,0,0
BRDA:154,39,1,0
BRDA:154,40,0,0
BRDA:154,40,1,0
BRDA:154,41,0,0
BRDA:154,41,1,0
BRDA:154,42,0,0
BRDA:154,42,1,0
BRDA:154,43,0,0
BRDA:154,43,1,0
BRDA:156,44,0,0
BRDA:156,44,1,0
BRDA:157,45,0,0
BRDA:157,45,1,0
BRDA:164,46,0,2
BRDA:164,46,1,1
BRDA:164,47,0,3
BRDA:164,47,1,2
BRDA:165,48,0,1
BRDA:165,48,1,0
BRDA:168,49,0,0
BRDA:168,49,1,0
BRDA:168,50,0,0
BRDA:168,50,1,0
BRDA:170,51,0,0
BRDA:170,51,1,0
BRDA:171,52,0,0
BRDA:171,52,1,0
BRDA:173,53,0,0
BRDA:173,53,1,0
BRDA:174,54,0,0
BRDA:174,54,1,0
BRDA:181,55,0,1
BRDA:181,55,1,1
BRDA:182,56,0,1
BRDA:182,56,1,0
BRDA:184,57,0,0
BRDA:184,57,1,0
BRDA:184,58,0,0
BRDA:184,58,1,0
BRDA:190,59,0,0
BRDA:190,59,1,0
BRDA:190,60,0,0
BRDA:190,60,1,0
BRDA:190,60,2,0
BRDA:190,60,3,0
BRDA:192,61,0,0
BRDA:192,61,1,0
BRDA:192,62,0,0
BRDA:192,62,1,0
BRDA:193,63,0,0
BRDA:193,63,1,0
BRDA:193,64,0,0
BRDA:193,64,1,0
BRDA:196,65,0,0
BRDA:196,65,1,0
BRDA:205,66,0,0
BRDA:205,66,1,0
BRDA:207,67,0,0
BRDA:207,67,1,0
BRDA:224,68,0,1
BRDA:224,68,1,1
BRDA:225,69,0,1
BRDA:225,69,1,0
BRDA:227,70,0,1
BRDA:227,70,1,0
BRDA:232,71,0,0
BRDA:232,71,1,0
BRDA:233,72,0,0
BRDA:233,72,1,0
BRDA:234,73,0,0
BRDA:234,73,1,0
BRDA:235,74,0,0
BRDA:235,74,1,0
BRDA:242,75,0,0
BRDA:242,75,1,0
BRDA:242,76,0,0
BRDA:242,76,1,0
BRDA:251,77,0,0
BRDA:251,77,1,0
BRDA:254,78,0,0
BRDA:254,78,1,0
BRDA:259,79,0,1
BRDA:259,79,1,0
BRDA:262,80,0,0
BRDA:262,80,1,0
BRDA:262,81,0,0
BRDA:262,81,1,0
BRDA:262,82,0,0
BRDA:262,82,1,0
BRDA:262,83,0,0
BRDA:262,83,1,0
BRDA:267,84,0,0
BRDA:267,84,1,0
BRDA:267,85,0,0
BRDA:267,85,1,0
BRDA:270,86,0,0
BRDA:270,86,1,0
BRDA:271,87,0,0
BRDA:271,87,1,0
BRDA:272,88,0,0
BRDA:272,88,1,0
BRDA:278,89,0,1
BRDA:278,89,1,1
BRDA:281,90,0,0
BRDA:281,90,1,1
BRDA:282,91,0,1
BRDA:282,91,1,0
BRDA:283,92,0,0
BRDA:283,92,1,0
BRDA:290,93,0,1
BRDA:290,93,1,0
BRDA:290,94,0,1
BRDA:290,94,1,0
BRDA:290,94,2,0
BRDA:294,95,0,0
BRDA:294,95,1,0
BRDA:295,96,0,0
BRDA:295,96,1,0
BRDA:298,97,0,0
BRDA:298,97,1,0
BRDA:298,98,0,0
BRDA:298,98,1,0
BRDA:298,98,2,0
BRDA:300,99,0,0
BRDA:300,99,1,0
BRDA:301,100,0,0
BRDA:301,100,1,0
BRDA:305,101,0,0
BRDA:305,101,1,0
BRDA:306,102,0,0
BRDA:306,102,1,0
BRDA:307,103,0,0
BRDA:307,103,1,0
BRDA:310,104,0,0
BRDA:310,104,1,0
BRDA:311,105,0,0
BRDA:311,105,1,0
BRDA:312,106,0,0
BRDA:312,106,1,0
BRDA:318,107,0,1
BRDA:318,107,1,0
BRDA:321,108,0,0
BRDA:321,108,1,0
BRDA:322,109,0,0
BRDA:322,109,1,0
BRDA:323,110,0,0
BRDA:323,110,1,0
BRDA:325,111,0,0
BRDA:325,111,1,0
BRDA:326,112,0,0
BRDA:326,112,1,0
BRDA:327,113,0,0
BRDA:327,113,1,0
BRDA:330,114,0,0
BRDA:330,114,1,2
BRF:236
BRH:44
end_of_record
TN:
SF:middleware/auth.js
FN:3,createAuthMiddleware
FN:4,authMiddleware
FNF:2
FNH:2
FNDA:13,createAuthMiddleware
FNDA:36,authMiddleware
DA:1,3
DA:3,3
DA:4,13
DA:5,36
DA:7,36
DA:8,36
DA:13,36
DA:14,20
DA:17,20
DA:18,10
DA:19,10
DA:22,10
DA:23,10
DA:24,10
DA:25,0
DA:28,10
DA:29,10
DA:30,9
DA:31,9
DA:32,3
DA:33,3
DA:34,3
DA:36,6
DA:41,6
DA:42,6
DA:44,6
DA:52,6
DA:58,6
DA:59,4
DA:62,2
DA:63,2
DA:64,2
DA:67,6
DA:74,0
DA:76,6
DA:77,6
DA:79,1
DA:80,1
LF:38
LH:36
BRDA:8,0,0,0
BRDA:8,0,1,36
BRDA:8,1,0,0
BRDA:8,1,1,0
BRDA:8,1,2,0
BRDA:13,2,0,16
BRDA:13,2,1,20
BRDA:14,3,0,20
BRDA:14,3,1,9
BRDA:17,4,0,10
BRDA:17,4,1,10
BRDA:17,5,0,20
BRDA:17,5,1,11
BRDA:24,6,0,0
BRDA:24,6,1,10
BRDA:30,7,0,0
BRDA:30,7,1,9
BRDA:30,8,0,0
BRDA:30,8,1,0
BRDA:30,8,2,0
BRDA:30,9,0,0
BRDA:30,9,1,0
BRDA:31,10,0,3
BRDA:31,10,1,6
BRDA:31,11,0,9
BRDA:31,11,1,8
BRDA:31,11,2,7
BRDA:32,12,0,3
BRDA:32,12,1,1
BRDA:58,13,0,4
BRDA:58,13,1,2
BRDA:58,14,0,6
BRDA:58,14,1,5
BRDA:63,15,0,1
BRDA:63,15,1,1
BRDA:63,16,0,2
BRDA:63,16,1,1
BRDA:64,17,0,1
BRDA:64,17,1,1
BRDA:64,18,0,2
BRDA:64,18,1,1
BRDA:64,19,0,1
BRDA:64,19,1,0
BRDA:67,20,0,0
BRDA:67,20,1,6
BRDA:71,21,0,0
BRDA:71,21,1,0
BRDA:71,22,0,0
BRDA:71,22,1,0
BRDA:74,23,0,0
BRDA:74,23,1,0
BRF:51
BRH:32
end_of_record
TN:
SF:middleware/requireRole.js
FN:1,requireRole
FN:2,(anonymous_1)
FNF:2
FNH:2
FNDA:18,requireRole
FNDA:23,(anonymous_1)
DA:1,3
DA:2,18
DA:4,23
DA:5,13
DA:6,13
DA:8,6
DA:9,2
LF:7
LH:7
BRDA:4,0,0,10
BRDA:4,0,1,13
BRDA:6,1,0,7
BRDA:6,1,1,6
BRDA:8,2,0,4
BRDA:8,2,1,2
BRF:6
BRH:6
end_of_record
