<?xml version="1.0" encoding="UTF-8"?>
<coverage generated="1778701688915" clover="3.2.0">
  <project timestamp="1778701688915" name="All files">
    <metrics statements="108" coveredstatements="71" conditionals="49" coveredconditionals="24" methods="31" coveredmethods="23" elements="188" coveredelements="118" complexity="0" loc="108" ncloc="108" packages="1" files="2" classes="2"/>
    <file name="hero.js" path="/home/runner/work/car-diagnosis-simulator/car-diagnosis-simulator/js/hero.js">
      <metrics statements="64" coveredstatements="33" conditionals="34" coveredconditionals="15" methods="13" coveredmethods="7"/>
      <line num="24" count="1" type="stmt"/>
      <line num="31" count="1" type="stmt"/>
      <line num="34" count="1" type="stmt"/>
      <line num="37" count="1" type="stmt"/>
      <line num="42" count="1" type="stmt"/>
      <line num="45" count="1" type="stmt"/>
      <line num="63" count="20" type="stmt"/>
      <line num="65" count="20" type="cond" truecount="2" falsecount="0"/>
      <line num="67" count="22" type="stmt"/>
      <line num="71" count="19" type="stmt"/>
      <line num="72" count="4" type="cond" truecount="2" falsecount="0"/>
      <line num="73" count="1" type="stmt"/>
      <line num="74" count="1" type="stmt"/>
      <line num="90" count="1" type="stmt"/>
      <line num="91" count="1" type="cond" truecount="1" falsecount="1"/>
      <line num="92" count="1" type="stmt"/>
      <line num="93" count="1" type="stmt"/>
      <line num="96" count="0" type="stmt"/>
      <line num="97" count="0" type="cond" truecount="0" falsecount="2"/>
      <line num="98" count="0" type="stmt"/>
      <line num="99" count="0" type="cond" truecount="0" falsecount="2"/>
      <line num="103" count="0" type="cond" truecount="0" falsecount="2"/>
      <line num="106" count="0" type="stmt"/>
      <line num="107" count="0" type="stmt"/>
      <line num="120" count="23" type="stmt"/>
      <line num="121" count="23" type="cond" truecount="4" falsecount="0"/>
      <line num="122" count="2" type="stmt"/>
      <line num="124" count="2" type="cond" truecount="1" falsecount="1"/>
      <line num="125" count="2" type="cond" truecount="1" falsecount="1"/>
      <line num="127" count="2" type="stmt"/>
      <line num="129" count="2" type="cond" truecount="1" falsecount="3"/>
      <line num="130" count="2" type="stmt"/>
      <line num="131" count="0" type="stmt"/>
      <line num="132" count="0" type="stmt"/>
      <line num="134" count="0" type="stmt"/>
      <line num="135" count="0" type="stmt"/>
      <line num="149" count="2" type="cond" truecount="2" falsecount="0"/>
      <line num="151" count="1" type="stmt"/>
      <line num="152" count="1" type="stmt"/>
      <line num="154" count="1" type="stmt"/>
      <line num="156" count="1" type="stmt"/>
      <line num="158" count="0" type="stmt"/>
      <line num="162" count="0" type="cond" truecount="0" falsecount="2"/>
      <line num="163" count="0" type="stmt"/>
      <line num="166" count="0" type="stmt"/>
      <line num="168" count="0" type="cond" truecount="0" falsecount="2"/>
      <line num="169" count="0" type="stmt"/>
      <line num="170" count="0" type="stmt"/>
      <line num="174" count="0" type="stmt"/>
      <line num="178" count="0" type="stmt"/>
      <line num="179" count="0" type="stmt"/>
      <line num="180" count="0" type="stmt"/>
      <line num="183" count="0" type="stmt"/>
      <line num="184" count="0" type="stmt"/>
      <line num="194" count="0" type="stmt"/>
      <line num="204" count="1" type="cond" truecount="1" falsecount="1"/>
      <line num="205" count="1" type="stmt"/>
      <line num="206" count="1" type="stmt"/>
      <line num="216" count="0" type="stmt"/>
      <line num="217" count="0" type="cond" truecount="0" falsecount="2"/>
      <line num="218" count="0" type="stmt"/>
      <line num="219" count="0" type="stmt"/>
      <line num="221" count="0" type="stmt"/>
      <line num="222" count="0" type="stmt"/>
    </file>
    <file name="scenario-loader.js" path="/home/runner/work/car-diagnosis-simulator/car-diagnosis-simulator/js/scenario-loader.js">
      <metrics statements="44" coveredstatements="38" conditionals="15" coveredconditionals="9" methods="18" coveredmethods="16"/>
      <line num="16" count="1" type="stmt"/>
      <line num="19" count="1" type="stmt"/>
      <line num="24" count="1" type="stmt"/>
      <line num="61" count="15" type="stmt"/>
      <line num="63" count="15" type="stmt"/>
      <line num="65" count="15" type="stmt"/>
      <line num="66" count="15" type="cond" truecount="2" falsecount="0"/>
      <line num="67" count="13" type="stmt"/>
      <line num="70" count="2" type="stmt"/>
      <line num="71" count="2" type="cond" truecount="1" falsecount="1"/>
      <line num="72" count="0" type="stmt"/>
      <line num="75" count="2" type="stmt"/>
      <line num="78" count="2" type="stmt"/>
      <line num="84" count="14" type="cond" truecount="1" falsecount="1"/>
      <line num="87" count="14" type="stmt"/>
      <line num="89" count="14" type="stmt"/>
      <line num="90" count="14" type="stmt"/>
      <line num="101" count="15" type="cond" truecount="2" falsecount="0"/>
      <line num="102" count="1" type="stmt"/>
      <line num="104" count="1" type="cond" truecount="1" falsecount="1"/>
      <line num="107" count="1" type="stmt"/>
      <line num="111" count="0" type="stmt"/>
      <line num="112" count="0" type="stmt"/>
      <line num="115" count="15" type="stmt"/>
      <line num="126" count="14" type="cond" truecount="1" falsecount="1"/>
      <line num="129" count="14" type="stmt"/>
      <line num="130" count="28" type="stmt"/>
      <line num="131" count="1" type="stmt"/>
      <line num="143" count="28" type="stmt"/>
      <line num="144" count="28" type="cond" truecount="1" falsecount="1"/>
      <line num="145" count="0" type="stmt"/>
      <line num="147" count="28" type="stmt"/>
      <line num="150" count="28" type="stmt"/>
      <line num="151" count="28" type="stmt"/>
      <line num="152" count="28" type="stmt"/>
      <line num="166" count="15" type="stmt"/>
      <line num="167" count="15" type="stmt"/>
      <line num="168" count="1" type="stmt"/>
      <line num="171" count="15" type="stmt"/>
      <line num="173" count="15" type="stmt"/>
      <line num="174" count="15" type="stmt"/>
      <line num="177" count="0" type="stmt"/>
      <line num="178" count="0" type="stmt"/>
      <line num="186" count="29" type="stmt"/>
    </file>
  </project>
</coverage>
