{"/home/runner/work/car-diagnosis-simulator/car-diagnosis-simulator/js/hero.js": {"path":"/home/runner/work/car-diagnosis-simulator/car-diagnosis-simulator/js/hero.js","statementMap":{"0":{"start":{"line":24,"column":40},"end":{"line":28,"column":1}},"1":{"start":{"line":31,"column":28},"end":{"line":31,"column":42}},"2":{"start":{"line":34,"column":20},"end":{"line":34,"column":23}},"3":{"start":{"line":37,"column":25},"end":{"line":37,"column":29}},"4":{"start":{"line":42,"column":20},"end":{"line":42,"column":24}},"5":{"start":{"line":45,"column":24},"end":{"line":45,"column":28}},"6":{"start":{"line":63,"column":4},"end":{"line":63,"column":45}},"7":{"start":{"line":65,"column":2},"end":{"line":65,"column":19}},"8":{"start":{"line":65,"column":12},"end":{"line":65,"column":19}},"9":{"start":{"line":67,"column":2},"end":{"line":67,"column":66}},"10":{"start":{"line":67,"column":39},"end":{"line":67,"column":64}},"11":{"start":{"line":71,"column":2},"end":{"line":76,"column":5}},"12":{"start":{"line":72,"column":4},"end":{"line":75,"column":5}},"13":{"start":{"line":73,"column":6},"end":{"line":73,"column":25}},"14":{"start":{"line":74,"column":6},"end":{"line":74,"column":32}},"15":{"start":{"line":90,"column":52},"end":{"line":90,"column":84}},"16":{"start":{"line":91,"column":2},"end":{"line":94,"column":3}},"17":{"start":{"line":92,"column":4},"end":{"line":92,"column":78}},"18":{"start":{"line":93,"column":4},"end":{"line":93,"column":11}},"19":{"start":{"line":96,"column":18},"end":{"line":96,"column":50}},"20":{"start":{"line":97,"column":18},"end":{"line":97,"column":44}},"21":{"start":{"line":98,"column":18},"end":{"line":98,"column":78}},"22":{"start":{"line":99,"column":18},"end":{"line":101,"column":11}},"23":{"start":{"line":103,"column":2},"end":{"line":103,"column":66}},"24":{"start":{"line":106,"column":2},"end":{"line":106,"column":40}},"25":{"start":{"line":107,"column":2},"end":{"line":107,"column":40}},"26":{"start":{"line":120,"column":14},"end":{"line":120,"column":24}},"27":{"start":{"line":121,"column":2},"end":{"line":121,"column":82}},"28":{"start":{"line":121,"column":75},"end":{"line":121,"column":82}},"29":{"start":{"line":122,"column":2},"end":{"line":122,"column":26}},"30":{"start":{"line":124,"column":21},"end":{"line":124,"column":63}},"31":{"start":{"line":125,"column":21},"end":{"line":125,"column":66}},"32":{"start":{"line":127,"column":2},"end":{"line":127,"column":68}},"33":{"start":{"line":129,"column":2},"end":{"line":136,"column":3}},"34":{"start":{"line":130,"column":34},"end":{"line":130,"column":64}},"35":{"start":{"line":130,"column":65},"end":{"line":130,"column":71}},"36":{"start":{"line":131,"column":34},"end":{"line":131,"column":66}},"37":{"start":{"line":131,"column":67},"end":{"line":131,"column":73}},"38":{"start":{"line":132,"column":34},"end":{"line":132,"column":55}},"39":{"start":{"line":132,"column":56},"end":{"line":132,"column":62}},"40":{"start":{"line":134,"column":6},"end":{"line":134,"column":82}},"41":{"start":{"line":135,"column":6},"end":{"line":135,"column":38}},"42":{"start":{"line":149,"column":2},"end":{"line":149,"column":28}},"43":{"start":{"line":149,"column":21},"end":{"line":149,"column":28}},"44":{"start":{"line":151,"column":2},"end":{"line":151,"column":30}},"45":{"start":{"line":152,"column":2},"end":{"line":152,"column":95}},"46":{"start":{"line":154,"column":20},"end":{"line":154,"column":30}},"47":{"start":{"line":156,"column":2},"end":{"line":185,"column":7}},"48":{"start":{"line":158,"column":6},"end":{"line":161,"column":9}},"49":{"start":{"line":162,"column":6},"end":{"line":164,"column":7}},"50":{"start":{"line":163,"column":8},"end":{"line":163,"column":56}},"51":{"start":{"line":166,"column":8},"end":{"line":166,"column":49}},"52":{"start":{"line":168,"column":6},"end":{"line":171,"column":7}},"53":{"start":{"line":169,"column":8},"end":{"line":169,"column":49}},"54":{"start":{"line":170,"column":8},"end":{"line":170,"column":50}},"55":{"start":{"line":174,"column":6},"end":{"line":177,"column":9}},"56":{"start":{"line":178,"column":6},"end":{"line":178,"column":53}},"57":{"start":{"line":179,"column":6},"end":{"line":179,"column":60}},"58":{"start":{"line":180,"column":6},"end":{"line":180,"column":38}},"59":{"start":{"line":183,"column":6},"end":{"line":183,"column":35}},"60":{"start":{"line":184,"column":6},"end":{"line":184,"column":27}},"61":{"start":{"line":194,"column":2},"end":{"line":194,"column":66}},"62":{"start":{"line":204,"column":2},"end":{"line":204,"column":62}},"63":{"start":{"line":205,"column":2},"end":{"line":205,"column":27}},"64":{"start":{"line":206,"column":2},"end":{"line":206,"column":49}},"65":{"start":{"line":216,"column":17},"end":{"line":216,"column":60}},"66":{"start":{"line":217,"column":2},"end":{"line":220,"column":3}},"67":{"start":{"line":218,"column":4},"end":{"line":218,"column":80}},"68":{"start":{"line":219,"column":4},"end":{"line":219,"column":11}},"69":{"start":{"line":221,"column":2},"end":{"line":221,"column":31}},"70":{"start":{"line":222,"column":2},"end":{"line":222,"column":67}},"71":{"start":{"line":222,"column":21},"end":{"line":222,"column":45}}},"fnMap":{"0":{"name":"initHeroCta","decl":{"start":{"line":61,"column":16},"end":{"line":61,"column":27}},"loc":{"start":{"line":61,"column":30},"end":{"line":77,"column":1}},"line":61},"1":{"name":"(anonymous_1)","decl":{"start":{"line":67,"column":32},"end":{"line":67,"column":33}},"loc":{"start":{"line":67,"column":39},"end":{"line":67,"column":64}},"line":67},"2":{"name":"(anonymous_2)","decl":{"start":{"line":71,"column":34},"end":{"line":71,"column":35}},"loc":{"start":{"line":71,"column":41},"end":{"line":76,"column":3}},"line":71},"3":{"name":"scrollToTarget","decl":{"start":{"line":89,"column":16},"end":{"line":89,"column":30}},"loc":{"start":{"line":89,"column":41},"end":{"line":108,"column":1}},"line":89},"4":{"name":"_handleActivation","decl":{"start":{"line":119,"column":9},"end":{"line":119,"column":26}},"loc":{"start":{"line":119,"column":40},"end":{"line":137,"column":1}},"line":119},"5":{"name":"_runDemoLoad","decl":{"start":{"line":148,"column":9},"end":{"line":148,"column":21}},"loc":{"start":{"line":148,"column":39},"end":{"line":186,"column":1}},"line":148},"6":{"name":"(anonymous_6)","decl":{"start":{"line":157,"column":10},"end":{"line":157,"column":11}},"loc":{"start":{"line":157,"column":28},"end":{"line":172,"column":5}},"line":157},"7":{"name":"(anonymous_7)","decl":{"start":{"line":173,"column":11},"end":{"line":173,"column":12}},"loc":{"start":{"line":173,"column":20},"end":{"line":181,"column":5}},"line":173},"8":{"name":"(anonymous_8)","decl":{"start":{"line":182,"column":13},"end":{"line":182,"column":14}},"loc":{"start":{"line":182,"column":19},"end":{"line":185,"column":5}},"line":182},"9":{"name":"_openScenarioModal","decl":{"start":{"line":193,"column":9},"end":{"line":193,"column":27}},"loc":{"start":{"line":193,"column":30},"end":{"line":195,"column":1}},"line":193},"10":{"name":"_setLoadingState","decl":{"start":{"line":203,"column":9},"end":{"line":203,"column":25}},"loc":{"start":{"line":203,"column":42},"end":{"line":207,"column":1}},"line":203},"11":{"name":"_showErrorToast","decl":{"start":{"line":215,"column":9},"end":{"line":215,"column":24}},"loc":{"start":{"line":215,"column":34},"end":{"line":223,"column":1}},"line":215},"12":{"name":"(anonymous_12)","decl":{"start":{"line":222,"column":13},"end":{"line":222,"column":14}},"loc":{"start":{"line":222,"column":19},"end":{"line":222,"column":47}},"line":222}},"branchMap":{"0":{"loc":{"start":{"line":65,"column":2},"end":{"line":65,"column":19}},"type":"if","locations":[{"start":{"line":65,"column":2},"end":{"line":65,"column":19}},{"start":{},"end":{}}],"line":65},"1":{"loc":{"start":{"line":72,"column":4},"end":{"line":75,"column":5}},"type":"if","locations":[{"start":{"line":72,"column":4},"end":{"line":75,"column":5}},{"start":{},"end":{}}],"line":72},"2":{"loc":{"start":{"line":91,"column":2},"end":{"line":94,"column":3}},"type":"if","locations":[{"start":{"line":91,"column":2},"end":{"line":94,"column":3}},{"start":{},"end":{}}],"line":91},"3":{"loc":{"start":{"line":97,"column":18},"end":{"line":97,"column":44}},"type":"cond-expr","locations":[{"start":{"line":97,"column":24},"end":{"line":97,"column":40}},{"start":{"line":97,"column":43},"end":{"line":97,"column":44}}],"line":97},"4":{"loc":{"start":{"line":99,"column":18},"end":{"line":101,"column":11}},"type":"cond-expr","locations":[{"start":{"line":100,"column":6},"end":{"line":100,"column":67}},{"start":{"line":101,"column":6},"end":{"line":101,"column":11}}],"line":99},"5":{"loc":{"start":{"line":103,"column":35},"end":{"line":103,"column":62}},"type":"cond-expr","locations":[{"start":{"line":103,"column":45},"end":{"line":103,"column":51}},{"start":{"line":103,"column":54},"end":{"line":103,"column":62}}],"line":103},"6":{"loc":{"start":{"line":121,"column":2},"end":{"line":121,"column":82}},"type":"if","locations":[{"start":{"line":121,"column":2},"end":{"line":121,"column":82}},{"start":{},"end":{}}],"line":121},"7":{"loc":{"start":{"line":121,"column":6},"end":{"line":121,"column":73}},"type":"binary-expr","locations":[{"start":{"line":121,"column":6},"end":{"line":121,"column":32}},{"start":{"line":121,"column":36},"end":{"line":121,"column":73}}],"line":121},"8":{"loc":{"start":{"line":124,"column":21},"end":{"line":124,"column":63}},"type":"binary-expr","locations":[{"start":{"line":124,"column":21},"end":{"line":124,"column":40}},{"start":{"line":124,"column":44},"end":{"line":124,"column":63}}],"line":124},"9":{"loc":{"start":{"line":125,"column":21},"end":{"line":125,"column":66}},"type":"binary-expr","locations":[{"start":{"line":125,"column":21},"end":{"line":125,"column":43}},{"start":{"line":125,"column":47},"end":{"line":125,"column":66}}],"line":125},"10":{"loc":{"start":{"line":129,"column":2},"end":{"line":136,"column":3}},"type":"switch","locations":[{"start":{"line":130,"column":4},"end":{"line":130,"column":71}},{"start":{"line":131,"column":4},"end":{"line":131,"column":73}},{"start":{"line":132,"column":4},"end":{"line":132,"column":62}},{"start":{"line":133,"column":4},"end":{"line":135,"column":38}}],"line":129},"11":{"loc":{"start":{"line":149,"column":2},"end":{"line":149,"column":28}},"type":"if","locations":[{"start":{"line":149,"column":2},"end":{"line":149,"column":28}},{"start":{},"end":{}}],"line":149},"12":{"loc":{"start":{"line":162,"column":6},"end":{"line":164,"column":7}},"type":"if","locations":[{"start":{"line":162,"column":6},"end":{"line":164,"column":7}},{"start":{},"end":{}}],"line":162},"13":{"loc":{"start":{"line":168,"column":6},"end":{"line":171,"column":7}},"type":"if","locations":[{"start":{"line":168,"column":6},"end":{"line":171,"column":7}},{"start":{},"end":{}}],"line":168},"14":{"loc":{"start":{"line":204,"column":32},"end":{"line":204,"column":60}},"type":"cond-expr","locations":[{"start":{"line":204,"column":44},"end":{"line":204,"column":50}},{"start":{"line":204,"column":53},"end":{"line":204,"column":60}}],"line":204},"15":{"loc":{"start":{"line":217,"column":2},"end":{"line":220,"column":3}},"type":"if","locations":[{"start":{"line":217,"column":2},"end":{"line":220,"column":3}},{"start":{},"end":{}}],"line":217}},"s":{"0":1,"1":1,"2":1,"3":1,"4":1,"5":1,"6":20,"7":20,"8":1,"9":19,"10":22,"11":19,"12":4,"13":1,"14":1,"15":1,"16":1,"17":1,"18":1,"19":0,"20":0,"21":0,"22":0,"23":0,"24":0,"25":0,"26":23,"27":23,"28":21,"29":2,"30":2,"31":2,"32":2,"33":2,"34":2,"35":2,"36":0,"37":0,"38":0,"39":0,"40":0,"41":0,"42":2,"43":1,"44":1,"45":1,"46":1,"47":1,"48":0,"49":0,"50":0,"51":0,"52":0,"53":0,"54":0,"55":0,"56":0,"57":0,"58":0,"59":0,"60":0,"61":0,"62":1,"63":1,"64":1,"65":0,"66":0,"67":0,"68":0,"69":0,"70":0,"71":0},"f":{"0":20,"1":22,"2":4,"3":1,"4":23,"5":2,"6":0,"7":0,"8":0,"9":0,"10":1,"11":0,"12":0},"b":{"0":[1,19],"1":[1,3],"2":[1,0],"3":[0,0],"4":[0,0],"5":[0,0],"6":[21,2],"7":[23,22],"8":[2,0],"9":[2,0],"10":[2,0,0,0],"11":[1,1],"12":[0,0],"13":[0,0],"14":[1,0],"15":[0,0]},"_coverageSchema":"1a1c01bbd47fc00a2c39e90264f33305004495a9","hash":"2042b63402e615d69d98e3d1526cca84fd92b9e1"}
,"/home/runner/work/car-diagnosis-simulator/car-diagnosis-simulator/js/scenario-loader.js": {"path":"/home/runner/work/car-diagnosis-simulator/car-diagnosis-simulator/js/scenario-loader.js","statementMap":{"0":{"start":{"line":16,"column":29},"end":{"line":16,"column":51}},"1":{"start":{"line":19,"column":24},"end":{"line":19,"column":30}},"2":{"start":{"line":24,"column":20},"end":{"line":24,"column":24}},"3":{"start":{"line":61,"column":2},"end":{"line":61,"column":28}},"4":{"start":{"line":63,"column":17},"end":{"line":82,"column":3}},"5":{"start":{"line":65,"column":18},"end":{"line":65,"column":33}},"6":{"start":{"line":66,"column":6},"end":{"line":68,"column":7}},"7":{"start":{"line":67,"column":8},"end":{"line":67,"column":19}},"8":{"start":{"line":70,"column":26},"end":{"line":70,"column":45}},"9":{"start":{"line":71,"column":6},"end":{"line":73,"column":7}},"10":{"start":{"line":72,"column":8},"end":{"line":72,"column":94}},"11":{"start":{"line":75,"column":6},"end":{"line":77,"column":8}},"12":{"start":{"line":78,"column":6},"end":{"line":78,"column":25}},"13":{"start":{"line":84,"column":29},"end":{"line":84,"column":56}},"14":{"start":{"line":87,"column":2},"end":{"line":87,"column":26}},"15":{"start":{"line":89,"column":2},"end":{"line":89,"column":38}},"16":{"start":{"line":90,"column":2},"end":{"line":90,"column":44}},"17":{"start":{"line":101,"column":2},"end":{"line":114,"column":3}},"18":{"start":{"line":102,"column":4},"end":{"line":113,"column":9}},"19":{"start":{"line":104,"column":8},"end":{"line":106,"column":10}},"20":{"start":{"line":104,"column":21},"end":{"line":106,"column":10}},"21":{"start":{"line":107,"column":8},"end":{"line":107,"column":26}},"22":{"start":{"line":111,"column":8},"end":{"line":111,"column":29}},"23":{"start":{"line":112,"column":8},"end":{"line":112,"column":18}},"24":{"start":{"line":115,"column":2},"end":{"line":115,"column":23}},"25":{"start":{"line":126,"column":15},"end":{"line":126,"column":77}},"26":{"start":{"line":129,"column":2},"end":{"line":133,"column":5}},"27":{"start":{"line":130,"column":4},"end":{"line":132,"column":6}},"28":{"start":{"line":131,"column":6},"end":{"line":131,"column":70}},"29":{"start":{"line":143,"column":2},"end":{"line":153,"column":5}},"30":{"start":{"line":144,"column":4},"end":{"line":146,"column":5}},"31":{"start":{"line":145,"column":6},"end":{"line":145,"column":23}},"32":{"start":{"line":147,"column":17},"end":{"line":149,"column":6}},"33":{"start":{"line":150,"column":4},"end":{"line":150,"column":52}},"34":{"start":{"line":150,"column":41},"end":{"line":150,"column":50}},"35":{"start":{"line":151,"column":4},"end":{"line":151,"column":86}},"36":{"start":{"line":151,"column":41},"end":{"line":151,"column":84}},"37":{"start":{"line":152,"column":4},"end":{"line":152,"column":36}},"38":{"start":{"line":166,"column":2},"end":{"line":181,"column":5}},"39":{"start":{"line":167,"column":20},"end":{"line":169,"column":10}},"40":{"start":{"line":168,"column":6},"end":{"line":168,"column":56}},"41":{"start":{"line":171,"column":4},"end":{"line":180,"column":6}},"42":{"start":{"line":173,"column":8},"end":{"line":173,"column":30}},"43":{"start":{"line":174,"column":8},"end":{"line":174,"column":23}},"44":{"start":{"line":177,"column":8},"end":{"line":177,"column":30}},"45":{"start":{"line":178,"column":8},"end":{"line":178,"column":22}},"46":{"start":{"line":186,"column":2},"end":{"line":186,"column":56}}},"fnMap":{"0":{"name":"loadDemoScenario","decl":{"start":{"line":60,"column":22},"end":{"line":60,"column":38}},"loc":{"start":{"line":60,"column":51},"end":{"line":91,"column":1}},"line":60},"1":{"name":"(anonymous_1)","decl":{"start":{"line":64,"column":30},"end":{"line":64,"column":31}},"loc":{"start":{"line":64,"column":39},"end":{"line":79,"column":5}},"line":64},"2":{"name":"_getScenarioConfig","decl":{"start":{"line":100,"column":9},"end":{"line":100,"column":27}},"loc":{"start":{"line":100,"column":30},"end":{"line":116,"column":1}},"line":100},"3":{"name":"(anonymous_3)","decl":{"start":{"line":103,"column":12},"end":{"line":103,"column":13}},"loc":{"start":{"line":103,"column":21},"end":{"line":108,"column":7}},"line":103},"4":{"name":"(anonymous_4)","decl":{"start":{"line":109,"column":13},"end":{"line":109,"column":14}},"loc":{"start":{"line":109,"column":22},"end":{"line":113,"column":7}},"line":109},"5":{"name":"_prefetchAssets","decl":{"start":{"line":125,"column":9},"end":{"line":125,"column":24}},"loc":{"start":{"line":125,"column":33},"end":{"line":134,"column":1}},"line":125},"6":{"name":"(anonymous_6)","decl":{"start":{"line":129,"column":15},"end":{"line":129,"column":16}},"loc":{"start":{"line":129,"column":24},"end":{"line":133,"column":3}},"line":129},"7":{"name":"(anonymous_7)","decl":{"start":{"line":130,"column":28},"end":{"line":130,"column":29}},"loc":{"start":{"line":131,"column":6},"end":{"line":131,"column":70}},"line":131},"8":{"name":"_prefetchUrl","decl":{"start":{"line":142,"column":9},"end":{"line":142,"column":21}},"loc":{"start":{"line":142,"column":27},"end":{"line":154,"column":1}},"line":142},"9":{"name":"(anonymous_9)","decl":{"start":{"line":143,"column":21},"end":{"line":143,"column":22}},"loc":{"start":{"line":143,"column":42},"end":{"line":153,"column":3}},"line":143},"10":{"name":"(anonymous_10)","decl":{"start":{"line":150,"column":35},"end":{"line":150,"column":36}},"loc":{"start":{"line":150,"column":41},"end":{"line":150,"column":50}},"line":150},"11":{"name":"(anonymous_11)","decl":{"start":{"line":151,"column":35},"end":{"line":151,"column":36}},"loc":{"start":{"line":151,"column":41},"end":{"line":151,"column":84}},"line":151},"12":{"name":"_withTimeout","decl":{"start":{"line":165,"column":9},"end":{"line":165,"column":21}},"loc":{"start":{"line":165,"column":72},"end":{"line":182,"column":1}},"line":165},"13":{"name":"(anonymous_13)","decl":{"start":{"line":166,"column":21},"end":{"line":166,"column":22}},"loc":{"start":{"line":166,"column":42},"end":{"line":181,"column":3}},"line":166},"14":{"name":"(anonymous_14)","decl":{"start":{"line":167,"column":31},"end":{"line":167,"column":32}},"loc":{"start":{"line":167,"column":37},"end":{"line":169,"column":5}},"line":167},"15":{"name":"(anonymous_15)","decl":{"start":{"line":172,"column":6},"end":{"line":172,"column":7}},"loc":{"start":{"line":172,"column":17},"end":{"line":175,"column":7}},"line":172},"16":{"name":"(anonymous_16)","decl":{"start":{"line":176,"column":6},"end":{"line":176,"column":7}},"loc":{"start":{"line":176,"column":17},"end":{"line":179,"column":7}},"line":176},"17":{"name":"_log","decl":{"start":{"line":185,"column":9},"end":{"line":185,"column":13}},"loc":{"start":{"line":185,"column":25},"end":{"line":187,"column":1}},"line":185}},"branchMap":{"0":{"loc":{"start":{"line":66,"column":6},"end":{"line":68,"column":7}},"type":"if","locations":[{"start":{"line":66,"column":6},"end":{"line":68,"column":7}},{"start":{},"end":{}}],"line":66},"1":{"loc":{"start":{"line":71,"column":6},"end":{"line":73,"column":7}},"type":"if","locations":[{"start":{"line":71,"column":6},"end":{"line":73,"column":7}},{"start":{},"end":{}}],"line":71},"2":{"loc":{"start":{"line":84,"column":29},"end":{"line":84,"column":56}},"type":"binary-expr","locations":[{"start":{"line":84,"column":29},"end":{"line":84,"column":38}},{"start":{"line":84,"column":42},"end":{"line":84,"column":56}}],"line":84},"3":{"loc":{"start":{"line":101,"column":2},"end":{"line":114,"column":3}},"type":"if","locations":[{"start":{"line":101,"column":2},"end":{"line":114,"column":3}},{"start":{},"end":{}}],"line":101},"4":{"loc":{"start":{"line":104,"column":8},"end":{"line":106,"column":10}},"type":"if","locations":[{"start":{"line":104,"column":8},"end":{"line":106,"column":10}},{"start":{},"end":{}}],"line":104},"5":{"loc":{"start":{"line":126,"column":37},"end":{"line":126,"column":59}},"type":"binary-expr","locations":[{"start":{"line":126,"column":37},"end":{"line":126,"column":53}},{"start":{"line":126,"column":57},"end":{"line":126,"column":59}}],"line":126},"6":{"loc":{"start":{"line":144,"column":4},"end":{"line":146,"column":5}},"type":"if","locations":[{"start":{"line":144,"column":4},"end":{"line":146,"column":5}},{"start":{},"end":{}}],"line":144},"7":{"loc":{"start":{"line":165,"column":35},"end":{"line":165,"column":70}},"type":"default-arg","locations":[{"start":{"line":165,"column":45},"end":{"line":165,"column":70}}],"line":165}},"s":{"0":1,"1":1,"2":1,"3":15,"4":15,"5":15,"6":15,"7":13,"8":2,"9":2,"10":0,"11":2,"12":2,"13":14,"14":14,"15":14,"16":14,"17":15,"18":1,"19":1,"20":0,"21":1,"22":0,"23":0,"24":15,"25":14,"26":14,"27":28,"28":1,"29":28,"30":28,"31":0,"32":28,"33":28,"34":27,"35":28,"36":1,"37":28,"38":15,"39":15,"40":1,"41":15,"42":15,"43":15,"44":0,"45":0,"46":29},"f":{"0":15,"1":15,"2":15,"3":1,"4":0,"5":14,"6":28,"7":1,"8":28,"9":28,"10":27,"11":1,"12":15,"13":15,"14":1,"15":15,"16":0,"17":29},"b":{"0":[13,2],"1":[0,2],"2":[14,0],"3":[1,14],"4":[0,1],"5":[14,0],"6":[0,28],"7":[0]},"_coverageSchema":"1a1c01bbd47fc00a2c39e90264f33305004495a9","hash":"0cd1ab745a00b987fd2a362e2e41fdf83b51e3b8"}
}
