TN:
SF:js/hero.js
FN:61,initHeroCta
FN:67,(anonymous_1)
FN:71,(anonymous_2)
FN:89,scrollToTarget
FN:119,_handleActivation
FN:148,_runDemoLoad
FN:157,(anonymous_6)
FN:173,(anonymous_7)
FN:182,(anonymous_8)
FN:193,_openScenarioModal
FN:203,_setLoadingState
FN:215,_showErrorToast
FN:222,(anonymous_12)
FNF:13
FNH:7
FNDA:20,initHeroCta
FNDA:22,(anonymous_1)
FNDA:4,(anonymous_2)
FNDA:1,scrollToTarget
FNDA:23,_handleActivation
FNDA:2,_runDemoLoad
FNDA:0,(anonymous_6)
FNDA:0,(anonymous_7)
FNDA:0,(anonymous_8)
FNDA:0,_openScenarioModal
FNDA:1,_setLoadingState
FNDA:0,_showErrorToast
FNDA:0,(anonymous_12)
DA:24,1
DA:31,1
DA:34,1
DA:37,1
DA:42,1
DA:45,1
DA:63,20
DA:65,20
DA:67,22
DA:71,19
DA:72,4
DA:73,1
DA:74,1
DA:90,1
DA:91,1
DA:92,1
DA:93,1
DA:96,0
DA:97,0
DA:98,0
DA:99,0
DA:103,0
DA:106,0
DA:107,0
DA:120,23
DA:121,23
DA:122,2
DA:124,2
DA:125,2
DA:127,2
DA:129,2
DA:130,2
DA:131,0
DA:132,0
DA:134,0
DA:135,0
DA:149,2
DA:151,1
DA:152,1
DA:154,1
DA:156,1
DA:158,0
DA:162,0
DA:163,0
DA:166,0
DA:168,0
DA:169,0
DA:170,0
DA:174,0
DA:178,0
DA:179,0
DA:180,0
DA:183,0
DA:184,0
DA:194,0
DA:204,1
DA:205,1
DA:206,1
DA:216,0
DA:217,0
DA:218,0
DA:219,0
DA:221,0
DA:222,0
LF:64
LH:33
BRDA:65,0,0,1
BRDA:65,0,1,19
BRDA:72,1,0,1
BRDA:72,1,1,3
BRDA:91,2,0,1
BRDA:91,2,1,0
BRDA:97,3,0,0
BRDA:97,3,1,0
BRDA:99,4,0,0
BRDA:99,4,1,0
BRDA:103,5,0,0
BRDA:103,5,1,0
BRDA:121,6,0,21
BRDA:121,6,1,2
BRDA:121,7,0,23
BRDA:121,7,1,22
BRDA:124,8,0,2
BRDA:124,8,1,0
BRDA:125,9,0,2
BRDA:125,9,1,0
BRDA:129,10,0,2
BRDA:129,10,1,0
BRDA:129,10,2,0
BRDA:129,10,3,0
BRDA:149,11,0,1
BRDA:149,11,1,1
BRDA:162,12,0,0
BRDA:162,12,1,0
BRDA:168,13,0,0
BRDA:168,13,1,0
BRDA:204,14,0,1
BRDA:204,14,1,0
BRDA:217,15,0,0
BRDA:217,15,1,0
BRF:34
BRH:15
end_of_record
TN:
SF:js/scenario-loader.js
FN:60,loadDemoScenario
FN:64,(anonymous_1)
FN:100,_getScenarioConfig
FN:103,(anonymous_3)
FN:109,(anonymous_4)
FN:125,_prefetchAssets
FN:129,(anonymous_6)
FN:130,(anonymous_7)
FN:142,_prefetchUrl
FN:143,(anonymous_9)
FN:150,(anonymous_10)
FN:151,(anonymous_11)
FN:165,_withTimeout
FN:166,(anonymous_13)
FN:167,(anonymous_14)
FN:172,(anonymous_15)
FN:176,(anonymous_16)
FN:185,_log
FNF:18
FNH:16
FNDA:15,loadDemoScenario
FNDA:15,(anonymous_1)
FNDA:15,_getScenarioConfig
FNDA:1,(anonymous_3)
FNDA:0,(anonymous_4)
FNDA:14,_prefetchAssets
FNDA:28,(anonymous_6)
FNDA:1,(anonymous_7)
FNDA:28,_prefetchUrl
FNDA:28,(anonymous_9)
FNDA:27,(anonymous_10)
FNDA:1,(anonymous_11)
FNDA:15,_withTimeout
FNDA:15,(anonymous_13)
FNDA:1,(anonymous_14)
FNDA:15,(anonymous_15)
FNDA:0,(anonymous_16)
FNDA:29,_log
DA:16,1
DA:19,1
DA:24,1
DA:61,15
DA:63,15
DA:65,15
DA:66,15
DA:67,13
DA:70,2
DA:71,2
DA:72,0
DA:75,2
DA:78,2
DA:84,14
DA:87,14
DA:89,14
DA:90,14
DA:101,15
DA:102,1
DA:104,1
DA:107,1
DA:111,0
DA:112,0
DA:115,15
DA:126,14
DA:129,14
DA:130,28
DA:131,1
DA:143,28
DA:144,28
DA:145,0
DA:147,28
DA:150,28
DA:151,28
DA:152,28
DA:166,15
DA:167,15
DA:168,1
DA:171,15
DA:173,15
DA:174,15
DA:177,0
DA:178,0
DA:186,29
LF:44
LH:38
BRDA:66,0,0,13
BRDA:66,0,1,2
BRDA:71,1,0,0
BRDA:71,1,1,2
BRDA:84,2,0,14
BRDA:84,2,1,0
BRDA:101,3,0,1
BRDA:101,3,1,14
BRDA:104,4,0,0
BRDA:104,4,1,1
BRDA:126,5,0,14
BRDA:126,5,1,0
BRDA:144,6,0,0
BRDA:144,6,1,28
BRDA:165,7,0,0
BRF:15
BRH:9
end_of_record
